running
  '/usr/lib64/R/bin/R --slave --no-restore --file=var-selection-sim-cv.R --args 1000 1000 lnn small cvgam T boot-mgcv-oracle'

Warning message:
NAs introduced by coercion 
[1] "1000-1000-lnn-small-cvgam-T-boot-mgcv-oracle"

Attaching package: ‘dplyr’

The following objects are masked from ‘package:stats’:

    filter, lag

The following objects are masked from ‘package:base’:

    intersect, setdiff, setequal, union

Loading required package: nnls
Super Learner
Version: 2.0-24
Package created on 2018-08-10

Loading required package: Matrix
Loading required package: foreach

Attaching package: ‘foreach’

The following objects are masked from ‘package:purrr’:

    accumulate, when

Loaded glmnet 2.0-16

Loading required package: nlme

Attaching package: ‘nlme’

The following object is masked from ‘package:dplyr’:

    collapse

This is mgcv 1.8-29. For overview type 'help("mgcv-package")'.
Loading required package: Formula
Loading required package: plotmo
Loading required package: plotrix
Loading required package: TeachingDemos
randomForest 4.6-14
Type rfNews() to see new features/changes/bug fixes.

Attaching package: ‘randomForest’

The following object is masked from ‘package:dplyr’:

    combine

Loading required package: iterators
[1] "Created data."
[1] "SL: Y"
[1] "SL: MD"
[1] "Estimated mu-hats with SuperLearner."
[1] "Finished lasso simulations: mixture."
[1] "Finished lasso simulations: product."
[1] "Finished lasso simulations: adaptive."
[1] "Finished inference technique: 1"
[1] "Finished lasso simulations: mixture."
[1] "Finished lasso simulations: product."
[1] "Finished lasso simulations: adaptive."
[1] "Finished inference technique: 2"
[1] "Finished oracle results."
[1] "Finished full results."
[1] "Scenario Complete!"
Time difference of 22.61936 hours
  coverage_NDE      NDE_len       coverage_NIE      NIE_len      
 Min.   :0.000   Min.   :1.039   Min.   :0.000   Min.   :0.9582  
 1st Qu.:1.000   1st Qu.:1.420   1st Qu.:1.000   1st Qu.:1.3403  
 Median :1.000   Median :1.486   Median :1.000   Median :1.4128  
 Mean   :0.905   Mean   :1.488   Mean   :0.893   Mean   :1.4112  
 3rd Qu.:1.000   3rd Qu.:1.559   3rd Qu.:1.000   3rd Qu.:1.4793  
 Max.   :1.000   Max.   :2.087   Max.   :1.000   Max.   :1.9947  
    NIE_err            NDE_err           num_noise       num_missed   
 Min.   :-1.08450   Min.   :-1.36215   Min.   :0.000   Min.   :0.000  
 1st Qu.:-0.20541   1st Qu.:-0.33554   1st Qu.:0.000   1st Qu.:0.000  
 Median : 0.06369   Median :-0.03967   Median :0.000   Median :0.000  
 Mean   : 0.04895   Mean   :-0.04781   Mean   :1.094   Mean   :0.121  
 3rd Qu.: 0.31488   3rd Qu.: 0.21750   3rd Qu.:2.000   3rd Qu.:0.000  
 Max.   : 1.14671   Max.   : 1.29114   Max.   :6.000   Max.   :2.000  
   picked_lam         is_missed    
 Min.   :0.003056   Min.   :0.000  
 1st Qu.:0.719797   1st Qu.:0.000  
 Median :1.653659   Median :0.000  
 Mean   :2.411611   Mean   :0.109  
 3rd Qu.:4.128626   3rd Qu.:0.000  
 Max.   :5.758375   Max.   :1.000  
[1] 0.109
  coverage_NDE      NDE_len       coverage_NIE      NIE_len      
 Min.   :0.000   Min.   :1.030   Min.   :0.000   Min.   :0.9258  
 1st Qu.:1.000   1st Qu.:1.416   1st Qu.:1.000   1st Qu.:1.3434  
 Median :1.000   Median :1.488   Median :1.000   Median :1.4131  
 Mean   :0.926   Mean   :1.495   Mean   :0.918   Mean   :1.4162  
 3rd Qu.:1.000   3rd Qu.:1.562   3rd Qu.:1.000   3rd Qu.:1.4827  
 Max.   :1.000   Max.   :2.050   Max.   :1.000   Max.   :2.0242  
    NIE_err            NDE_err           num_noise       num_missed   
 Min.   :-1.08450   Min.   :-1.36215   Min.   :0.000   Min.   :0.000  
 1st Qu.:-0.20541   1st Qu.:-0.33554   1st Qu.:0.000   1st Qu.:0.000  
 Median : 0.06369   Median :-0.03967   Median :0.000   Median :0.000  
 Mean   : 0.04895   Mean   :-0.04781   Mean   :1.094   Mean   :0.121  
 3rd Qu.: 0.31488   3rd Qu.: 0.21750   3rd Qu.:2.000   3rd Qu.:0.000  
 Max.   : 1.14671   Max.   : 1.29114   Max.   :6.000   Max.   :2.000  
   picked_lam         is_missed    
 Min.   :0.003056   Min.   :0.000  
 1st Qu.:0.719797   1st Qu.:0.000  
 Median :1.653659   Median :0.000  
 Mean   :2.411611   Mean   :0.109  
 3rd Qu.:4.128626   3rd Qu.:0.000  
 Max.   :5.758375   Max.   :1.000  
[1] 0.109
  coverage_NDE      NDE_len        coverage_NIE      NIE_len      
 Min.   :0.000   Min.   :0.5769   Min.   :0.000   Min.   :0.3288  
 1st Qu.:1.000   1st Qu.:1.3908   1st Qu.:1.000   1st Qu.:1.3041  
 Median :1.000   Median :1.5011   Median :1.000   Median :1.4243  
 Mean   :0.812   Mean   :1.4680   Mean   :0.798   Mean   :1.3778  
 3rd Qu.:1.000   3rd Qu.:1.6101   3rd Qu.:1.000   3rd Qu.:1.5276  
 Max.   :1.000   Max.   :2.3705   Max.   :1.000   Max.   :2.3203  
    NIE_err             NDE_err           num_noise       num_missed   
 Min.   :-1.216184   Min.   :-1.36519   Min.   :0.000   Min.   :0.000  
 1st Qu.:-0.310159   1st Qu.:-0.30738   1st Qu.:0.000   1st Qu.:0.000  
 Median : 0.007176   Median : 0.01313   Median :1.000   Median :0.000  
 Mean   :-0.030055   Mean   : 0.03132   Mean   :1.164   Mean   :0.312  
 3rd Qu.: 0.279575   3rd Qu.: 0.31567   3rd Qu.:2.000   3rd Qu.:1.000  
 Max.   : 1.149712   Max.   : 1.31829   Max.   :6.000   Max.   :2.000  
   picked_lam        is_missed    
 Min.   :0.00323   Min.   :0.000  
 1st Qu.:0.68097   1st Qu.:0.000  
 Median :1.52168   Median :0.000  
 Mean   :2.11313   Mean   :0.261  
 3rd Qu.:3.12891   3rd Qu.:1.000  
 Max.   :5.75838   Max.   :1.000  
[1] 0.261
  coverage_NDE      NDE_len        coverage_NIE      NIE_len      
 Min.   :0.000   Min.   :0.6778   Min.   :0.000   Min.   :0.4188  
 1st Qu.:1.000   1st Qu.:1.4278   1st Qu.:1.000   1st Qu.:1.3443  
 Median :1.000   Median :1.5357   Median :1.000   Median :1.4573  
 Mean   :0.875   Mean   :1.5359   Mean   :0.867   Mean   :1.4494  
 3rd Qu.:1.000   3rd Qu.:1.6621   3rd Qu.:1.000   3rd Qu.:1.5813  
 Max.   :1.000   Max.   :2.5014   Max.   :1.000   Max.   :2.3316  
    NIE_err             NDE_err           num_noise       num_missed   
 Min.   :-1.216184   Min.   :-1.36519   Min.   :0.000   Min.   :0.000  
 1st Qu.:-0.310159   1st Qu.:-0.30738   1st Qu.:0.000   1st Qu.:0.000  
 Median : 0.007176   Median : 0.01313   Median :1.000   Median :0.000  
 Mean   :-0.030055   Mean   : 0.03132   Mean   :1.164   Mean   :0.312  
 3rd Qu.: 0.279575   3rd Qu.: 0.31567   3rd Qu.:2.000   3rd Qu.:1.000  
 Max.   : 1.149712   Max.   : 1.31829   Max.   :6.000   Max.   :2.000  
   picked_lam        is_missed    
 Min.   :0.00323   Min.   :0.000  
 1st Qu.:0.68097   1st Qu.:0.000  
 Median :1.52168   Median :0.000  
 Mean   :2.11313   Mean   :0.261  
 3rd Qu.:3.12891   3rd Qu.:1.000  
 Max.   :5.75838   Max.   :1.000  
[1] 0.261
  coverage_NDE      NDE_len        coverage_NIE      NIE_len      
 Min.   :0.000   Min.   :0.5265   Min.   :0.000   Min.   :0.2234  
 1st Qu.:0.000   1st Qu.:1.2947   1st Qu.:0.000   1st Qu.:1.1640  
 Median :1.000   Median :1.5013   Median :1.000   Median :1.4175  
 Mean   :0.713   Mean   :1.4915   Mean   :0.709   Mean   :1.3775  
 3rd Qu.:1.000   3rd Qu.:1.7515   3rd Qu.:1.000   3rd Qu.:1.6628  
 Max.   :1.000   Max.   :2.6721   Max.   :1.000   Max.   :2.5823  
    NIE_err           NDE_err          num_noise       num_missed   
 Min.   :-1.2049   Min.   :-1.3842   Min.   :0.000   Min.   :0.000  
 1st Qu.:-0.5312   1st Qu.:-0.1619   1st Qu.:1.000   1st Qu.:0.000  
 Median :-0.1649   Median : 0.1841   Median :1.500   Median :0.000  
 Mean   :-0.1855   Mean   : 0.1871   Mean   :1.679   Mean   :0.564  
 3rd Qu.: 0.1698   3rd Qu.: 0.5137   3rd Qu.:3.000   3rd Qu.:1.000  
 Max.   : 1.1686   Max.   : 1.3070   Max.   :6.000   Max.   :2.000  
   picked_lam        is_missed    
 Min.   :0.00323   Min.   :0.000  
 1st Qu.:0.59282   1st Qu.:0.000  
 Median :1.56446   Median :0.000  
 Mean   :2.19137   Mean   :0.448  
 3rd Qu.:3.40030   3rd Qu.:1.000  
 Max.   :5.75838   Max.   :1.000  
[1] 0.448
  coverage_NDE      NDE_len        coverage_NIE      NIE_len      
 Min.   :0.000   Min.   :0.5664   Min.   :0.000   Min.   :0.3074  
 1st Qu.:1.000   1st Qu.:1.4735   1st Qu.:1.000   1st Qu.:1.3634  
 Median :1.000   Median :1.6987   Median :1.000   Median :1.5961  
 Mean   :0.854   Mean   :1.6678   Mean   :0.856   Mean   :1.5572  
 3rd Qu.:1.000   3rd Qu.:1.9062   3rd Qu.:1.000   3rd Qu.:1.8220  
 Max.   :1.000   Max.   :2.7167   Max.   :1.000   Max.   :2.6140  
    NIE_err           NDE_err          num_noise       num_missed   
 Min.   :-1.2049   Min.   :-1.3842   Min.   :0.000   Min.   :0.000  
 1st Qu.:-0.5312   1st Qu.:-0.1619   1st Qu.:1.000   1st Qu.:0.000  
 Median :-0.1649   Median : 0.1841   Median :1.500   Median :0.000  
 Mean   :-0.1855   Mean   : 0.1871   Mean   :1.679   Mean   :0.564  
 3rd Qu.: 0.1698   3rd Qu.: 0.5137   3rd Qu.:3.000   3rd Qu.:1.000  
 Max.   : 1.1686   Max.   : 1.3070   Max.   :6.000   Max.   :2.000  
   picked_lam        is_missed    
 Min.   :0.00323   Min.   :0.000  
 1st Qu.:0.59282   1st Qu.:0.000  
 Median :1.56446   Median :0.000  
 Mean   :2.19137   Mean   :0.448  
 3rd Qu.:3.40030   3rd Qu.:1.000  
 Max.   :5.75838   Max.   :1.000  
[1] 0.448
