running
  '/usr/lib64/R/bin/R --slave --no-restore --file=var-selection-sim-cv.R --args 1000 1000 lll large cvgam T boot-mgcv-oracle'

Warning message:
NAs introduced by coercion 
[1] "1000-1000-lll-large-cvgam-T-boot-mgcv-oracle"

Attaching package: ‘dplyr’

The following objects are masked from ‘package:stats’:

    filter, lag

The following objects are masked from ‘package:base’:

    intersect, setdiff, setequal, union

Loading required package: nnls
Super Learner
Version: 2.0-24
Package created on 2018-08-10

Loading required package: Matrix
Loading required package: foreach

Attaching package: ‘foreach’

The following objects are masked from ‘package:purrr’:

    accumulate, when

Loaded glmnet 2.0-16

Loading required package: nlme

Attaching package: ‘nlme’

The following object is masked from ‘package:dplyr’:

    collapse

This is mgcv 1.8-29. For overview type 'help("mgcv-package")'.
Loading required package: Formula
Loading required package: plotmo
Loading required package: plotrix
Loading required package: TeachingDemos
randomForest 4.6-14
Type rfNews() to see new features/changes/bug fixes.

Attaching package: ‘randomForest’

The following object is masked from ‘package:dplyr’:

    combine

Loading required package: iterators
[1] "Created data."
[1] "SL: Y"
[1] "SL: MD"
[1] "Estimated mu-hats with SuperLearner."
[1] "Finished lasso simulations: mixture."
[1] "Finished lasso simulations: product."
[1] "Finished lasso simulations: adaptive."
[1] "Finished inference technique: 1"
[1] "Finished lasso simulations: mixture."
[1] "Finished lasso simulations: product."
[1] "Finished lasso simulations: adaptive."
[1] "Finished inference technique: 2"
[1] "Finished oracle results."
[1] "Finished full results."
[1] "Scenario Complete!"
Time difference of 22.28661 hours
  coverage_NDE      NDE_len        coverage_NIE     NIE_len      
 Min.   :0.000   Min.   :0.7337   Min.   :0.00   Min.   :0.6683  
 1st Qu.:1.000   1st Qu.:0.8731   1st Qu.:1.00   1st Qu.:0.7627  
 Median :1.000   Median :0.9064   Median :1.00   Median :0.7953  
 Mean   :0.935   Mean   :0.9110   Mean   :0.94   Mean   :0.7982  
 3rd Qu.:1.000   3rd Qu.:0.9454   3rd Qu.:1.00   3rd Qu.:0.8289  
 Max.   :1.000   Max.   :1.1253   Max.   :1.00   Max.   :1.0631  
    NIE_err             NDE_err            num_noise       num_missed
 Min.   :-0.756435   Min.   :-0.695950   Min.   :0.000   Min.   :0   
 1st Qu.:-0.131024   1st Qu.:-0.170384   1st Qu.:0.000   1st Qu.:0   
 Median :-0.001347   Median : 0.002277   Median :1.000   Median :0   
 Mean   : 0.004148   Mean   :-0.005589   Mean   :1.185   Mean   :0   
 3rd Qu.: 0.144375   3rd Qu.: 0.155169   3rd Qu.:2.000   3rd Qu.:0   
 Max.   : 0.689311   Max.   : 0.764999   Max.   :7.000   Max.   :0   
   picked_lam         is_missed
 Min.   :0.001406   Min.   :0  
 1st Qu.:0.644236   1st Qu.:0  
 Median :1.521677   Median :0  
 Mean   :2.282839   Mean   :0  
 3rd Qu.:3.799111   3rd Qu.:0  
 Max.   :5.758375   Max.   :0  
[1] 0
  coverage_NDE     NDE_len        coverage_NIE      NIE_len      
 Min.   :0.00   Min.   :0.7551   Min.   :0.000   Min.   :0.6595  
 1st Qu.:1.00   1st Qu.:0.8708   1st Qu.:1.000   1st Qu.:0.7579  
 Median :1.00   Median :0.9022   Median :1.000   Median :0.7902  
 Mean   :0.94   Mean   :0.9078   Mean   :0.939   Mean   :0.7957  
 3rd Qu.:1.00   3rd Qu.:0.9390   3rd Qu.:1.000   3rd Qu.:0.8238  
 Max.   :1.00   Max.   :1.1501   Max.   :1.000   Max.   :1.0521  
    NIE_err             NDE_err            num_noise       num_missed
 Min.   :-0.756435   Min.   :-0.695950   Min.   :0.000   Min.   :0   
 1st Qu.:-0.131024   1st Qu.:-0.170384   1st Qu.:0.000   1st Qu.:0   
 Median :-0.001347   Median : 0.002277   Median :1.000   Median :0   
 Mean   : 0.004148   Mean   :-0.005589   Mean   :1.185   Mean   :0   
 3rd Qu.: 0.144375   3rd Qu.: 0.155169   3rd Qu.:2.000   3rd Qu.:0   
 Max.   : 0.689311   Max.   : 0.764999   Max.   :7.000   Max.   :0   
   picked_lam         is_missed
 Min.   :0.001406   Min.   :0  
 1st Qu.:0.644236   1st Qu.:0  
 Median :1.521677   Median :0  
 Mean   :2.282839   Mean   :0  
 3rd Qu.:3.799111   3rd Qu.:0  
 Max.   :5.758375   Max.   :0  
[1] 0
  coverage_NDE      NDE_len        coverage_NIE      NIE_len      
 Min.   :0.000   Min.   :0.7217   Min.   :0.000   Min.   :0.6559  
 1st Qu.:1.000   1st Qu.:0.8820   1st Qu.:1.000   1st Qu.:0.7717  
 Median :1.000   Median :0.9206   Median :1.000   Median :0.8096  
 Mean   :0.917   Mean   :0.9740   Mean   :0.905   Mean   :0.8655  
 3rd Qu.:1.000   3rd Qu.:0.9741   3rd Qu.:1.000   3rd Qu.:0.8594  
 Max.   :1.000   Max.   :2.3076   Max.   :1.000   Max.   :2.2426  
    NIE_err             NDE_err            num_noise      num_missed
 Min.   :-0.896327   Min.   :-0.697678   Min.   :0.00   Min.   :0   
 1st Qu.:-0.144142   1st Qu.:-0.164173   1st Qu.:0.00   1st Qu.:0   
 Median :-0.011525   Median : 0.010488   Median :1.00   Median :0   
 Mean   :-0.005953   Mean   : 0.004583   Mean   :1.18   Mean   :0   
 3rd Qu.: 0.136969   3rd Qu.: 0.170033   3rd Qu.:2.00   3rd Qu.:0   
 Max.   : 0.674480   Max.   : 0.763625   Max.   :6.00   Max.   :0   
   picked_lam         is_missed
 Min.   :0.003814   Min.   :0  
 1st Qu.:0.644236   1st Qu.:0  
 Median :1.480066   Median :0  
 Mean   :2.140374   Mean   :0  
 3rd Qu.:3.128914   3rd Qu.:0  
 Max.   :5.758375   Max.   :0  
[1] 0
  coverage_NDE      NDE_len        coverage_NIE      NIE_len      
 Min.   :0.000   Min.   :0.7566   Min.   :0.000   Min.   :0.6594  
 1st Qu.:1.000   1st Qu.:0.8803   1st Qu.:1.000   1st Qu.:0.7708  
 Median :1.000   Median :0.9209   Median :1.000   Median :0.8117  
 Mean   :0.916   Mean   :0.9856   Mean   :0.913   Mean   :0.8785  
 3rd Qu.:1.000   3rd Qu.:0.9838   3rd Qu.:1.000   3rd Qu.:0.8693  
 Max.   :1.000   Max.   :2.4486   Max.   :1.000   Max.   :2.3896  
    NIE_err             NDE_err            num_noise      num_missed
 Min.   :-0.896327   Min.   :-0.697678   Min.   :0.00   Min.   :0   
 1st Qu.:-0.144142   1st Qu.:-0.164173   1st Qu.:0.00   1st Qu.:0   
 Median :-0.011525   Median : 0.010488   Median :1.00   Median :0   
 Mean   :-0.005953   Mean   : 0.004583   Mean   :1.18   Mean   :0   
 3rd Qu.: 0.136969   3rd Qu.: 0.170033   3rd Qu.:2.00   3rd Qu.:0   
 Max.   : 0.674480   Max.   : 0.763625   Max.   :6.00   Max.   :0   
   picked_lam         is_missed
 Min.   :0.003814   Min.   :0  
 1st Qu.:0.644236   1st Qu.:0  
 Median :1.480066   Median :0  
 Mean   :2.140374   Mean   :0  
 3rd Qu.:3.128914   3rd Qu.:0  
 Max.   :5.758375   Max.   :0  
[1] 0
  coverage_NDE     NDE_len        coverage_NIE      NIE_len      
 Min.   :0.00   Min.   :0.7259   Min.   :0.000   Min.   :0.6713  
 1st Qu.:1.00   1st Qu.:0.9131   1st Qu.:1.000   1st Qu.:0.8015  
 Median :1.00   Median :0.9941   Median :1.000   Median :0.8854  
 Mean   :0.87   Mean   :1.1265   Mean   :0.861   Mean   :1.0291  
 3rd Qu.:1.00   3rd Qu.:1.2697   3rd Qu.:1.000   3rd Qu.:1.1881  
 Max.   :1.00   Max.   :2.4065   Max.   :1.000   Max.   :2.2940  
    NIE_err            NDE_err           num_noise       num_missed
 Min.   :-0.83144   Min.   :-0.69471   Min.   :0.000   Min.   :0   
 1st Qu.:-0.16000   1st Qu.:-0.15234   1st Qu.:0.000   1st Qu.:0   
 Median :-0.02261   Median : 0.02477   Median :1.000   Median :0   
 Mean   :-0.02101   Mean   : 0.01969   Mean   :1.279   Mean   :0   
 3rd Qu.: 0.12476   3rd Qu.: 0.18721   3rd Qu.:2.000   3rd Qu.:0   
 Max.   : 0.67015   Max.   : 0.78331   Max.   :6.000   Max.   :0   
   picked_lam         is_missed
 Min.   :0.003814   Min.   :0  
 1st Qu.:0.700114   1st Qu.:0  
 Median :1.608440   Median :0  
 Mean   :2.142298   Mean   :0  
 3rd Qu.:3.307318   3rd Qu.:0  
 Max.   :5.758375   Max.   :0  
[1] 0
  coverage_NDE      NDE_len        coverage_NIE      NIE_len      
 Min.   :0.000   Min.   :0.7703   Min.   :0.000   Min.   :0.6679  
 1st Qu.:1.000   1st Qu.:0.9203   1st Qu.:1.000   1st Qu.:0.8105  
 Median :1.000   Median :1.0414   Median :1.000   Median :0.9399  
 Mean   :0.898   Mean   :1.2030   Mean   :0.888   Mean   :1.1098  
 3rd Qu.:1.000   3rd Qu.:1.4341   3rd Qu.:1.000   3rd Qu.:1.3708  
 Max.   :1.000   Max.   :2.4763   Max.   :1.000   Max.   :2.3650  
    NIE_err            NDE_err           num_noise       num_missed
 Min.   :-0.83144   Min.   :-0.69471   Min.   :0.000   Min.   :0   
 1st Qu.:-0.16000   1st Qu.:-0.15234   1st Qu.:0.000   1st Qu.:0   
 Median :-0.02261   Median : 0.02477   Median :1.000   Median :0   
 Mean   :-0.02101   Mean   : 0.01969   Mean   :1.279   Mean   :0   
 3rd Qu.: 0.12476   3rd Qu.: 0.18721   3rd Qu.:2.000   3rd Qu.:0   
 Max.   : 0.67015   Max.   : 0.78331   Max.   :6.000   Max.   :0   
   picked_lam         is_missed
 Min.   :0.003814   Min.   :0  
 1st Qu.:0.700114   1st Qu.:0  
 Median :1.608440   Median :0  
 Mean   :2.142298   Mean   :0  
 3rd Qu.:3.307318   3rd Qu.:0  
 Max.   :5.758375   Max.   :0  
[1] 0
