running
  '/usr/lib64/R/bin/R --slave --no-restore --file=var-selection-sim-cv.R --args 1000 1000 lnn small cvgam F boot-mgcv-oracle'

Warning message:
NAs introduced by coercion 
[1] "1000-1000-lnn-small-cvgam-F-boot-mgcv-oracle"

Attaching package: ‘dplyr’

The following objects are masked from ‘package:stats’:

    filter, lag

The following objects are masked from ‘package:base’:

    intersect, setdiff, setequal, union

Loading required package: nnls
Super Learner
Version: 2.0-24
Package created on 2018-08-10

Loading required package: Matrix
Loading required package: foreach

Attaching package: ‘foreach’

The following objects are masked from ‘package:purrr’:

    accumulate, when

Loaded glmnet 2.0-16

Loading required package: nlme

Attaching package: ‘nlme’

The following object is masked from ‘package:dplyr’:

    collapse

This is mgcv 1.8-29. For overview type 'help("mgcv-package")'.
Loading required package: Formula
Loading required package: plotmo
Loading required package: plotrix
Loading required package: TeachingDemos
randomForest 4.6-14
Type rfNews() to see new features/changes/bug fixes.

Attaching package: ‘randomForest’

The following object is masked from ‘package:dplyr’:

    combine

Loading required package: iterators
[1] "Created data."
[1] "Estimated mu-hats with SuperLearner."
[1] "Finished lasso simulations: mixture."
[1] "Finished lasso simulations: product."
[1] "Finished lasso simulations: adaptive."
[1] "Finished inference technique: 1"
[1] "Finished lasso simulations: mixture."
[1] "Finished lasso simulations: product."
[1] "Finished lasso simulations: adaptive."
[1] "Finished inference technique: 2"
[1] "Finished oracle results."
[1] "Finished full results."
[1] "Scenario Complete!"
Time difference of 2.613169 hours
  coverage_NDE      NDE_len       coverage_NIE      NIE_len     
 Min.   :0.000   Min.   :1.047   Min.   :0.000   Min.   :0.975  
 1st Qu.:1.000   1st Qu.:1.427   1st Qu.:1.000   1st Qu.:1.349  
 Median :1.000   Median :1.497   Median :1.000   Median :1.421  
 Mean   :0.884   Mean   :1.492   Mean   :0.881   Mean   :1.417  
 3rd Qu.:1.000   3rd Qu.:1.568   3rd Qu.:1.000   3rd Qu.:1.497  
 Max.   :1.000   Max.   :1.971   Max.   :1.000   Max.   :1.872  
    NIE_err            NDE_err           num_noise       num_missed   
 Min.   :-1.11131   Min.   :-1.14061   Min.   :0.000   Min.   :0.000  
 1st Qu.:-0.29251   1st Qu.:-0.24989   1st Qu.:0.000   1st Qu.:0.000  
 Median :-0.01195   Median : 0.02110   Median :0.000   Median :0.000  
 Mean   :-0.02931   Mean   : 0.03284   Mean   :1.041   Mean   :0.161  
 3rd Qu.: 0.23572   3rd Qu.: 0.28495   3rd Qu.:2.000   3rd Qu.:0.000  
 Max.   : 1.08294   Max.   : 1.22476   Max.   :6.000   Max.   :2.000  
   picked_lam         is_missed    
 Min.   :0.004382   Min.   :0.000  
 1st Qu.:0.700114   1st Qu.:0.000  
 Median :1.797089   Median :0.000  
 Mean   :2.498062   Mean   :0.147  
 3rd Qu.:4.486722   3rd Qu.:0.000  
 Max.   :5.758375   Max.   :1.000  
[1] 0.147
  coverage_NDE      NDE_len       coverage_NIE      NIE_len      
 Min.   :0.000   Min.   :1.027   Min.   :0.000   Min.   :0.8984  
 1st Qu.:1.000   1st Qu.:1.436   1st Qu.:1.000   1st Qu.:1.3559  
 Median :1.000   Median :1.500   Median :1.000   Median :1.4251  
 Mean   :0.917   Mean   :1.503   Mean   :0.916   Mean   :1.4264  
 3rd Qu.:1.000   3rd Qu.:1.567   3rd Qu.:1.000   3rd Qu.:1.4985  
 Max.   :1.000   Max.   :1.980   Max.   :1.000   Max.   :1.9358  
    NIE_err            NDE_err           num_noise       num_missed   
 Min.   :-1.11131   Min.   :-1.14061   Min.   :0.000   Min.   :0.000  
 1st Qu.:-0.29251   1st Qu.:-0.24989   1st Qu.:0.000   1st Qu.:0.000  
 Median :-0.01195   Median : 0.02110   Median :0.000   Median :0.000  
 Mean   :-0.02931   Mean   : 0.03284   Mean   :1.041   Mean   :0.161  
 3rd Qu.: 0.23572   3rd Qu.: 0.28495   3rd Qu.:2.000   3rd Qu.:0.000  
 Max.   : 1.08294   Max.   : 1.22476   Max.   :6.000   Max.   :2.000  
   picked_lam         is_missed    
 Min.   :0.004382   Min.   :0.000  
 1st Qu.:0.700114   1st Qu.:0.000  
 Median :1.797089   Median :0.000  
 Mean   :2.498062   Mean   :0.147  
 3rd Qu.:4.486722   3rd Qu.:0.000  
 Max.   :5.758375   Max.   :1.000  
[1] 0.147
  coverage_NDE     NDE_len        coverage_NIE      NIE_len      
 Min.   :0.00   Min.   :0.5806   Min.   :0.000   Min.   :0.3251  
 1st Qu.:1.00   1st Qu.:1.3906   1st Qu.:1.000   1st Qu.:1.3043  
 Median :1.00   Median :1.5062   Median :1.000   Median :1.4337  
 Mean   :0.78   Mean   :1.4641   Mean   :0.779   Mean   :1.3790  
 3rd Qu.:1.00   3rd Qu.:1.6144   3rd Qu.:1.000   3rd Qu.:1.5397  
 Max.   :1.00   Max.   :2.1386   Max.   :1.000   Max.   :2.0476  
    NIE_err           NDE_err           num_noise       num_missed   
 Min.   :-1.2178   Min.   :-1.16485   Min.   :0.000   Min.   :0.000  
 1st Qu.:-0.3977   1st Qu.:-0.21038   1st Qu.:0.000   1st Qu.:0.000  
 Median :-0.0668   Median : 0.08003   Median :1.000   Median :0.000  
 Mean   :-0.1060   Mean   : 0.10961   Mean   :1.096   Mean   :0.371  
 3rd Qu.: 0.2064   3rd Qu.: 0.42445   3rd Qu.:2.000   3rd Qu.:1.000  
 Max.   : 1.0884   Max.   : 1.42320   Max.   :6.000   Max.   :2.000  
   picked_lam        is_missed    
 Min.   :0.00371   Min.   :0.000  
 1st Qu.:0.59282   1st Qu.:0.000  
 Median :1.43959   Median :0.000  
 Mean   :2.08262   Mean   :0.298  
 3rd Qu.:3.21688   3rd Qu.:1.000  
 Max.   :5.75838   Max.   :1.000  
[1] 0.298
  coverage_NDE     NDE_len        coverage_NIE      NIE_len      
 Min.   :0.00   Min.   :0.5915   Min.   :0.000   Min.   :0.3987  
 1st Qu.:1.00   1st Qu.:1.4392   1st Qu.:1.000   1st Qu.:1.3587  
 Median :1.00   Median :1.5402   Median :1.000   Median :1.4608  
 Mean   :0.86   Mean   :1.5334   Mean   :0.854   Mean   :1.4503  
 3rd Qu.:1.00   3rd Qu.:1.6568   3rd Qu.:1.000   3rd Qu.:1.5797  
 Max.   :1.00   Max.   :2.1342   Max.   :1.000   Max.   :2.0976  
    NIE_err           NDE_err           num_noise       num_missed   
 Min.   :-1.2178   Min.   :-1.16485   Min.   :0.000   Min.   :0.000  
 1st Qu.:-0.3977   1st Qu.:-0.21038   1st Qu.:0.000   1st Qu.:0.000  
 Median :-0.0668   Median : 0.08003   Median :1.000   Median :0.000  
 Mean   :-0.1060   Mean   : 0.10961   Mean   :1.096   Mean   :0.371  
 3rd Qu.: 0.2064   3rd Qu.: 0.42445   3rd Qu.:2.000   3rd Qu.:1.000  
 Max.   : 1.0884   Max.   : 1.42320   Max.   :6.000   Max.   :2.000  
   picked_lam        is_missed    
 Min.   :0.00371   Min.   :0.000  
 1st Qu.:0.59282   1st Qu.:0.000  
 Median :1.43959   Median :0.000  
 Mean   :2.08262   Mean   :0.298  
 3rd Qu.:3.21688   3rd Qu.:1.000  
 Max.   :5.75838   Max.   :1.000  
[1] 0.298
  coverage_NDE      NDE_len        coverage_NIE      NIE_len      
 Min.   :0.000   Min.   :0.5375   Min.   :0.000   Min.   :0.2615  
 1st Qu.:0.000   1st Qu.:1.2623   1st Qu.:0.000   1st Qu.:1.1508  
 Median :1.000   Median :1.4864   Median :1.000   Median :1.3829  
 Mean   :0.684   Mean   :1.4606   Mean   :0.668   Mean   :1.3492  
 3rd Qu.:1.000   3rd Qu.:1.7135   3rd Qu.:1.000   3rd Qu.:1.6303  
 Max.   :1.000   Max.   :2.6478   Max.   :1.000   Max.   :2.5605  
    NIE_err            NDE_err           num_noise      num_missed   
 Min.   :-1.20319   Min.   :-1.15265   Min.   :0.00   Min.   :0.000  
 1st Qu.:-0.60145   1st Qu.:-0.07497   1st Qu.:0.00   1st Qu.:0.000  
 Median :-0.25114   Median : 0.23874   Median :1.00   Median :1.000  
 Mean   :-0.26492   Mean   : 0.26881   Mean   :1.62   Mean   :0.662  
 3rd Qu.: 0.07939   3rd Qu.: 0.61874   3rd Qu.:3.00   3rd Qu.:1.000  
 Max.   : 1.07039   Max.   : 1.42986   Max.   :6.00   Max.   :2.000  
   picked_lam        is_missed    
 Min.   :0.00371   Min.   :0.000  
 1st Qu.:0.57661   1st Qu.:0.000  
 Median :1.43959   Median :1.000  
 Mean   :2.15428   Mean   :0.504  
 3rd Qu.:3.49589   3rd Qu.:1.000  
 Max.   :5.75838   Max.   :1.000  
[1] 0.504
  coverage_NDE      NDE_len        coverage_NIE      NIE_len      
 Min.   :0.000   Min.   :0.5411   Min.   :0.000   Min.   :0.3085  
 1st Qu.:1.000   1st Qu.:1.4580   1st Qu.:1.000   1st Qu.:1.3326  
 Median :1.000   Median :1.6678   Median :1.000   Median :1.5644  
 Mean   :0.837   Mean   :1.6358   Mean   :0.827   Mean   :1.5268  
 3rd Qu.:1.000   3rd Qu.:1.8657   3rd Qu.:1.000   3rd Qu.:1.7800  
 Max.   :1.000   Max.   :2.5734   Max.   :1.000   Max.   :2.4739  
    NIE_err            NDE_err           num_noise      num_missed   
 Min.   :-1.20319   Min.   :-1.15265   Min.   :0.00   Min.   :0.000  
 1st Qu.:-0.60145   1st Qu.:-0.07497   1st Qu.:0.00   1st Qu.:0.000  
 Median :-0.25114   Median : 0.23874   Median :1.00   Median :1.000  
 Mean   :-0.26492   Mean   : 0.26881   Mean   :1.62   Mean   :0.662  
 3rd Qu.: 0.07939   3rd Qu.: 0.61874   3rd Qu.:3.00   3rd Qu.:1.000  
 Max.   : 1.07039   Max.   : 1.42986   Max.   :6.00   Max.   :2.000  
   picked_lam        is_missed    
 Min.   :0.00371   Min.   :0.000  
 1st Qu.:0.57661   1st Qu.:0.000  
 Median :1.43959   Median :1.000  
 Mean   :2.15428   Mean   :0.504  
 3rd Qu.:3.49589   3rd Qu.:1.000  
 Max.   :5.75838   Max.   :1.000  
[1] 0.504
