running
  '/usr/lib64/R/bin/R --slave --no-restore --file=var-selection-sim-cv.R --args 1000 1000 lnn large cvgam F boot-mgcv-oracle'

Warning message:
NAs introduced by coercion 
[1] "1000-1000-lnn-large-cvgam-F-boot-mgcv-oracle"

Attaching package: ‘dplyr’

The following objects are masked from ‘package:stats’:

    filter, lag

The following objects are masked from ‘package:base’:

    intersect, setdiff, setequal, union

Loading required package: nnls
Super Learner
Version: 2.0-24
Package created on 2018-08-10

Loading required package: Matrix
Loading required package: foreach

Attaching package: ‘foreach’

The following objects are masked from ‘package:purrr’:

    accumulate, when

Loaded glmnet 2.0-16

Loading required package: nlme

Attaching package: ‘nlme’

The following object is masked from ‘package:dplyr’:

    collapse

This is mgcv 1.8-29. For overview type 'help("mgcv-package")'.
Loading required package: Formula
Loading required package: plotmo
Loading required package: plotrix
Loading required package: TeachingDemos
randomForest 4.6-14
Type rfNews() to see new features/changes/bug fixes.

Attaching package: ‘randomForest’

The following object is masked from ‘package:dplyr’:

    combine

Loading required package: iterators
[1] "Created data."
[1] "Estimated mu-hats with SuperLearner."
[1] "Finished lasso simulations: mixture."
[1] "Finished lasso simulations: product."
[1] "Finished lasso simulations: adaptive."
[1] "Finished inference technique: 1"
[1] "Finished lasso simulations: mixture."
[1] "Finished lasso simulations: product."
[1] "Finished lasso simulations: adaptive."
[1] "Finished inference technique: 2"
[1] "Finished oracle results."
[1] "Finished full results."
[1] "Scenario Complete!"
Time difference of 2.546713 hours
  coverage_NDE      NDE_len        coverage_NIE      NIE_len      
 Min.   :0.000   Min.   :0.7584   Min.   :0.000   Min.   :0.6563  
 1st Qu.:1.000   1st Qu.:0.8737   1st Qu.:1.000   1st Qu.:0.7650  
 Median :1.000   Median :0.9074   Median :1.000   Median :0.7962  
 Mean   :0.935   Mean   :0.9098   Mean   :0.941   Mean   :0.7979  
 3rd Qu.:1.000   3rd Qu.:0.9438   3rd Qu.:1.000   3rd Qu.:0.8262  
 Max.   :1.000   Max.   :1.1142   Max.   :1.000   Max.   :0.9883  
    NIE_err              NDE_err             num_noise       num_missed
 Min.   :-0.7735478   Min.   :-0.6715848   Min.   :0.000   Min.   :0   
 1st Qu.:-0.1298340   1st Qu.:-0.1606272   1st Qu.:0.000   1st Qu.:0   
 Median :-0.0002988   Median : 0.0005092   Median :1.000   Median :0   
 Mean   : 0.0044855   Mean   : 0.0000749   Mean   :1.125   Mean   :0   
 3rd Qu.: 0.1474948   3rd Qu.: 0.1576766   3rd Qu.:2.000   3rd Qu.:0   
 Max.   : 0.6320515   Max.   : 0.8105694   Max.   :6.000   Max.   :0   
   picked_lam        is_missed
 Min.   :0.00351   Min.   :0  
 1st Qu.:0.68097   1st Qu.:0  
 Median :1.56446   Median :0  
 Mean   :2.33713   Mean   :0  
 3rd Qu.:3.90592   3rd Qu.:0  
 Max.   :5.75838   Max.   :0  
[1] 0
  coverage_NDE      NDE_len        coverage_NIE      NIE_len      
 Min.   :0.000   Min.   :0.7597   Min.   :0.000   Min.   :0.6512  
 1st Qu.:1.000   1st Qu.:0.8686   1st Qu.:1.000   1st Qu.:0.7608  
 Median :1.000   Median :0.9032   Median :1.000   Median :0.7902  
 Mean   :0.934   Mean   :0.9074   Mean   :0.942   Mean   :0.7958  
 3rd Qu.:1.000   3rd Qu.:0.9405   3rd Qu.:1.000   3rd Qu.:0.8261  
 Max.   :1.000   Max.   :1.1453   Max.   :1.000   Max.   :1.0726  
    NIE_err              NDE_err             num_noise       num_missed
 Min.   :-0.7735478   Min.   :-0.6715848   Min.   :0.000   Min.   :0   
 1st Qu.:-0.1298340   1st Qu.:-0.1606272   1st Qu.:0.000   1st Qu.:0   
 Median :-0.0002988   Median : 0.0005092   Median :1.000   Median :0   
 Mean   : 0.0044855   Mean   : 0.0000749   Mean   :1.125   Mean   :0   
 3rd Qu.: 0.1474948   3rd Qu.: 0.1576766   3rd Qu.:2.000   3rd Qu.:0   
 Max.   : 0.6320515   Max.   : 0.8105694   Max.   :6.000   Max.   :0   
   picked_lam        is_missed
 Min.   :0.00351   Min.   :0  
 1st Qu.:0.68097   1st Qu.:0  
 Median :1.56446   Median :0  
 Mean   :2.33713   Mean   :0  
 3rd Qu.:3.90592   3rd Qu.:0  
 Max.   :5.75838   Max.   :0  
[1] 0
  coverage_NDE      NDE_len        coverage_NIE      NIE_len      
 Min.   :0.000   Min.   :0.7566   Min.   :0.000   Min.   :0.6683  
 1st Qu.:1.000   1st Qu.:0.8836   1st Qu.:1.000   1st Qu.:0.7736  
 Median :1.000   Median :0.9222   Median :1.000   Median :0.8124  
 Mean   :0.918   Mean   :0.9654   Mean   :0.918   Mean   :0.8571  
 3rd Qu.:1.000   3rd Qu.:0.9759   3rd Qu.:1.000   3rd Qu.:0.8600  
 Max.   :1.000   Max.   :2.2787   Max.   :1.000   Max.   :2.1844  
    NIE_err             NDE_err            num_noise       num_missed
 Min.   :-0.786716   Min.   :-0.682477   Min.   :0.000   Min.   :0   
 1st Qu.:-0.138833   1st Qu.:-0.152175   1st Qu.:0.000   1st Qu.:0   
 Median :-0.009118   Median : 0.012742   Median :1.000   Median :0   
 Mean   :-0.005249   Mean   : 0.009892   Mean   :1.151   Mean   :0   
 3rd Qu.: 0.138643   3rd Qu.: 0.167099   3rd Qu.:2.000   3rd Qu.:0   
 Max.   : 0.637822   Max.   : 0.901059   Max.   :6.000   Max.   :0   
   picked_lam        is_missed
 Min.   :0.00371   Min.   :0  
 1st Qu.:0.64424   1st Qu.:0  
 Median :1.52168   Median :0  
 Mean   :2.23044   Mean   :0  
 3rd Qu.:3.40030   3rd Qu.:0  
 Max.   :5.75838   Max.   :0  
[1] 0
  coverage_NDE      NDE_len        coverage_NIE      NIE_len      
 Min.   :0.000   Min.   :0.7603   Min.   :0.000   Min.   :0.6642  
 1st Qu.:1.000   1st Qu.:0.8824   1st Qu.:1.000   1st Qu.:0.7696  
 Median :1.000   Median :0.9207   Median :1.000   Median :0.8112  
 Mean   :0.919   Mean   :0.9748   Mean   :0.919   Mean   :0.8691  
 3rd Qu.:1.000   3rd Qu.:0.9789   3rd Qu.:1.000   3rd Qu.:0.8748  
 Max.   :1.000   Max.   :2.3482   Max.   :1.000   Max.   :2.2700  
    NIE_err             NDE_err            num_noise       num_missed
 Min.   :-0.786716   Min.   :-0.682477   Min.   :0.000   Min.   :0   
 1st Qu.:-0.138833   1st Qu.:-0.152175   1st Qu.:0.000   1st Qu.:0   
 Median :-0.009118   Median : 0.012742   Median :1.000   Median :0   
 Mean   :-0.005249   Mean   : 0.009892   Mean   :1.151   Mean   :0   
 3rd Qu.: 0.138643   3rd Qu.: 0.167099   3rd Qu.:2.000   3rd Qu.:0   
 Max.   : 0.637822   Max.   : 0.901059   Max.   :6.000   Max.   :0   
   picked_lam        is_missed
 Min.   :0.00371   Min.   :0  
 1st Qu.:0.64424   1st Qu.:0  
 Median :1.52168   Median :0  
 Mean   :2.23044   Mean   :0  
 3rd Qu.:3.40030   3rd Qu.:0  
 Max.   :5.75838   Max.   :0  
[1] 0
  coverage_NDE      NDE_len        coverage_NIE      NIE_len      
 Min.   :0.000   Min.   :0.7597   Min.   :0.000   Min.   :0.6967  
 1st Qu.:1.000   1st Qu.:0.9169   1st Qu.:1.000   1st Qu.:0.8059  
 Median :1.000   Median :1.0013   Median :1.000   Median :0.8897  
 Mean   :0.878   Mean   :1.1219   Mean   :0.877   Mean   :1.0252  
 3rd Qu.:1.000   3rd Qu.:1.2768   3rd Qu.:1.000   3rd Qu.:1.1955  
 Max.   :1.000   Max.   :2.2504   Max.   :1.000   Max.   :2.2066  
    NIE_err            NDE_err           num_noise       num_missed
 Min.   :-0.86278   Min.   :-0.68210   Min.   :0.000   Min.   :0   
 1st Qu.:-0.16289   1st Qu.:-0.13708   1st Qu.:0.000   1st Qu.:0   
 Median :-0.02062   Median : 0.02696   Median :1.000   Median :0   
 Mean   :-0.02207   Mean   : 0.02677   Mean   :1.232   Mean   :0   
 3rd Qu.: 0.12532   3rd Qu.: 0.19745   3rd Qu.:2.000   3rd Qu.:0   
 Max.   : 0.63765   Max.   : 0.87018   Max.   :6.000   Max.   :0   
   picked_lam        is_missed
 Min.   :0.00371   Min.   :0  
 1st Qu.:0.68097   1st Qu.:0  
 Median :1.54307   Median :0  
 Mean   :2.11806   Mean   :0  
 3rd Qu.:3.06474   3rd Qu.:0  
 Max.   :5.75838   Max.   :0  
[1] 0
  coverage_NDE      NDE_len        coverage_NIE      NIE_len      
 Min.   :0.000   Min.   :0.7656   Min.   :0.000   Min.   :0.6766  
 1st Qu.:1.000   1st Qu.:0.9258   1st Qu.:1.000   1st Qu.:0.8215  
 Median :1.000   Median :1.0620   Median :1.000   Median :0.9596  
 Mean   :0.904   Mean   :1.2001   Mean   :0.904   Mean   :1.1068  
 3rd Qu.:1.000   3rd Qu.:1.4188   3rd Qu.:1.000   3rd Qu.:1.3337  
 Max.   :1.000   Max.   :2.4510   Max.   :1.000   Max.   :2.3955  
    NIE_err            NDE_err           num_noise       num_missed
 Min.   :-0.86278   Min.   :-0.68210   Min.   :0.000   Min.   :0   
 1st Qu.:-0.16289   1st Qu.:-0.13708   1st Qu.:0.000   1st Qu.:0   
 Median :-0.02062   Median : 0.02696   Median :1.000   Median :0   
 Mean   :-0.02207   Mean   : 0.02677   Mean   :1.232   Mean   :0   
 3rd Qu.: 0.12532   3rd Qu.: 0.19745   3rd Qu.:2.000   3rd Qu.:0   
 Max.   : 0.63765   Max.   : 0.87018   Max.   :6.000   Max.   :0   
   picked_lam        is_missed
 Min.   :0.00371   Min.   :0  
 1st Qu.:0.68097   1st Qu.:0  
 Median :1.54307   Median :0  
 Mean   :2.11806   Mean   :0  
 3rd Qu.:3.06474   3rd Qu.:0  
 Max.   :5.75838   Max.   :0  
[1] 0
