running
  '/usr/lib64/R/bin/R --slave --no-restore --file=var-selection-sim-cv.R --args 1000 1000 nnn large cvgam F boot-mgcv-oracle'

Warning message:
NAs introduced by coercion 
[1] "1000-1000-nnn-large-cvgam-F-boot-mgcv-oracle"

Attaching package: ‘dplyr’

The following objects are masked from ‘package:stats’:

    filter, lag

The following objects are masked from ‘package:base’:

    intersect, setdiff, setequal, union

Loading required package: nnls
Super Learner
Version: 2.0-24
Package created on 2018-08-10

Loading required package: Matrix
Loading required package: foreach

Attaching package: ‘foreach’

The following objects are masked from ‘package:purrr’:

    accumulate, when

Loaded glmnet 2.0-16

Loading required package: nlme

Attaching package: ‘nlme’

The following object is masked from ‘package:dplyr’:

    collapse

This is mgcv 1.8-29. For overview type 'help("mgcv-package")'.
Loading required package: Formula
Loading required package: plotmo
Loading required package: plotrix
Loading required package: TeachingDemos
randomForest 4.6-14
Type rfNews() to see new features/changes/bug fixes.

Attaching package: ‘randomForest’

The following object is masked from ‘package:dplyr’:

    combine

Loading required package: iterators
[1] "Created data."
[1] "Estimated mu-hats with SuperLearner."
[1] "Finished lasso simulations: mixture."
[1] "Finished lasso simulations: product."
[1] "Finished lasso simulations: adaptive."
[1] "Finished inference technique: 1"
[1] "Finished lasso simulations: mixture."
[1] "Finished lasso simulations: product."
[1] "Finished lasso simulations: adaptive."
[1] "Finished inference technique: 2"
[1] "Finished oracle results."
[1] "Finished full results."
[1] "Scenario Complete!"
Time difference of 2.571076 hours
  coverage_NDE      NDE_len        coverage_NIE      NIE_len      
 Min.   :0.000   Min.   :0.7435   Min.   :0.000   Min.   :0.6709  
 1st Qu.:1.000   1st Qu.:0.8731   1st Qu.:1.000   1st Qu.:0.7611  
 Median :1.000   Median :0.9052   Median :1.000   Median :0.7954  
 Mean   :0.935   Mean   :0.9090   Mean   :0.937   Mean   :0.7978  
 3rd Qu.:1.000   3rd Qu.:0.9413   3rd Qu.:1.000   3rd Qu.:0.8279  
 Max.   :1.000   Max.   :1.1302   Max.   :1.000   Max.   :1.0339  
    NIE_err             NDE_err            num_noise       num_missed
 Min.   :-0.758419   Min.   :-0.695830   Min.   :0.000   Min.   :0   
 1st Qu.:-0.127412   1st Qu.:-0.156472   1st Qu.:0.000   1st Qu.:0   
 Median : 0.005073   Median : 0.007482   Median :1.000   Median :0   
 Mean   : 0.003710   Mean   : 0.003250   Mean   :1.115   Mean   :0   
 3rd Qu.: 0.140711   3rd Qu.: 0.159964   3rd Qu.:2.000   3rd Qu.:0   
 Max.   : 0.640600   Max.   : 0.806155   Max.   :7.000   Max.   :0   
   picked_lam         is_missed
 Min.   :0.001406   Min.   :0  
 1st Qu.:0.719797   1st Qu.:0  
 Median :1.521677   Median :0  
 Mean   :2.319738   Mean   :0  
 3rd Qu.:3.721196   3rd Qu.:0  
 Max.   :5.758375   Max.   :0  
[1] 0
  coverage_NDE      NDE_len        coverage_NIE      NIE_len      
 Min.   :0.000   Min.   :0.7519   Min.   :0.000   Min.   :0.6610  
 1st Qu.:1.000   1st Qu.:0.8704   1st Qu.:1.000   1st Qu.:0.7597  
 Median :1.000   Median :0.9014   Median :1.000   Median :0.7911  
 Mean   :0.933   Mean   :0.9057   Mean   :0.941   Mean   :0.7959  
 3rd Qu.:1.000   3rd Qu.:0.9366   3rd Qu.:1.000   3rd Qu.:0.8246  
 Max.   :1.000   Max.   :1.1438   Max.   :1.000   Max.   :1.0543  
    NIE_err             NDE_err            num_noise       num_missed
 Min.   :-0.758419   Min.   :-0.695830   Min.   :0.000   Min.   :0   
 1st Qu.:-0.127412   1st Qu.:-0.156472   1st Qu.:0.000   1st Qu.:0   
 Median : 0.005073   Median : 0.007482   Median :1.000   Median :0   
 Mean   : 0.003710   Mean   : 0.003250   Mean   :1.115   Mean   :0   
 3rd Qu.: 0.140711   3rd Qu.: 0.159964   3rd Qu.:2.000   3rd Qu.:0   
 Max.   : 0.640600   Max.   : 0.806155   Max.   :7.000   Max.   :0   
   picked_lam         is_missed
 Min.   :0.001406   Min.   :0  
 1st Qu.:0.719797   1st Qu.:0  
 Median :1.521677   Median :0  
 Mean   :2.319738   Mean   :0  
 3rd Qu.:3.721196   3rd Qu.:0  
 Max.   :5.758375   Max.   :0  
[1] 0
  coverage_NDE      NDE_len        coverage_NIE      NIE_len      
 Min.   :0.000   Min.   :0.7423   Min.   :0.000   Min.   :0.6765  
 1st Qu.:1.000   1st Qu.:0.8831   1st Qu.:1.000   1st Qu.:0.7720  
 Median :1.000   Median :0.9193   Median :1.000   Median :0.8093  
 Mean   :0.903   Mean   :0.9686   Mean   :0.915   Mean   :0.8613  
 3rd Qu.:1.000   3rd Qu.:0.9750   3rd Qu.:1.000   3rd Qu.:0.8595  
 Max.   :1.000   Max.   :2.2657   Max.   :1.000   Max.   :2.2713  
    NIE_err             NDE_err           num_noise       num_missed
 Min.   :-0.769600   Min.   :-0.69554   Min.   :0.000   Min.   :0   
 1st Qu.:-0.143656   1st Qu.:-0.15073   1st Qu.:0.000   1st Qu.:0   
 Median :-0.005136   Median : 0.01413   Median :1.000   Median :0   
 Mean   :-0.005885   Mean   : 0.01293   Mean   :1.156   Mean   :0   
 3rd Qu.: 0.132309   3rd Qu.: 0.17434   3rd Qu.:2.000   3rd Qu.:0   
 Max.   : 0.646157   Max.   : 0.89810   Max.   :6.000   Max.   :0   
   picked_lam         is_missed
 Min.   :0.003609   Min.   :0  
 1st Qu.:0.644236   1st Qu.:0  
 Median :1.521677   Median :0  
 Mean   :2.230416   Mean   :0  
 3rd Qu.:3.495895   3rd Qu.:0  
 Max.   :5.758375   Max.   :0  
[1] 0
  coverage_NDE      NDE_len        coverage_NIE      NIE_len      
 Min.   :0.000   Min.   :0.7541   Min.   :0.000   Min.   :0.6712  
 1st Qu.:1.000   1st Qu.:0.8801   1st Qu.:1.000   1st Qu.:0.7712  
 Median :1.000   Median :0.9219   Median :1.000   Median :0.8109  
 Mean   :0.917   Mean   :0.9799   Mean   :0.921   Mean   :0.8752  
 3rd Qu.:1.000   3rd Qu.:0.9833   3rd Qu.:1.000   3rd Qu.:0.8727  
 Max.   :1.000   Max.   :2.5713   Max.   :1.000   Max.   :2.4590  
    NIE_err             NDE_err           num_noise       num_missed
 Min.   :-0.769600   Min.   :-0.69554   Min.   :0.000   Min.   :0   
 1st Qu.:-0.143656   1st Qu.:-0.15073   1st Qu.:0.000   1st Qu.:0   
 Median :-0.005136   Median : 0.01413   Median :1.000   Median :0   
 Mean   :-0.005885   Mean   : 0.01293   Mean   :1.156   Mean   :0   
 3rd Qu.: 0.132309   3rd Qu.: 0.17434   3rd Qu.:2.000   3rd Qu.:0   
 Max.   : 0.646157   Max.   : 0.89810   Max.   :6.000   Max.   :0   
   picked_lam         is_missed
 Min.   :0.003609   Min.   :0  
 1st Qu.:0.644236   1st Qu.:0  
 Median :1.521677   Median :0  
 Mean   :2.230416   Mean   :0  
 3rd Qu.:3.495895   3rd Qu.:0  
 Max.   :5.758375   Max.   :0  
[1] 0
  coverage_NDE      NDE_len        coverage_NIE      NIE_len      
 Min.   :0.000   Min.   :0.7537   Min.   :0.000   Min.   :0.6847  
 1st Qu.:1.000   1st Qu.:0.9141   1st Qu.:1.000   1st Qu.:0.8070  
 Median :1.000   Median :1.0003   Median :1.000   Median :0.8925  
 Mean   :0.867   Mean   :1.1276   Mean   :0.872   Mean   :1.0320  
 3rd Qu.:1.000   3rd Qu.:1.2886   3rd Qu.:1.000   3rd Qu.:1.2082  
 Max.   :1.000   Max.   :2.4649   Max.   :1.000   Max.   :2.3931  
    NIE_err            NDE_err           num_noise       num_missed
 Min.   :-0.84974   Min.   :-0.69398   Min.   :0.000   Min.   :0   
 1st Qu.:-0.16740   1st Qu.:-0.14244   1st Qu.:0.000   1st Qu.:0   
 Median :-0.02009   Median : 0.03394   Median :1.000   Median :0   
 Mean   :-0.02210   Mean   : 0.02920   Mean   :1.241   Mean   :0   
 3rd Qu.: 0.12302   3rd Qu.: 0.19437   3rd Qu.:2.000   3rd Qu.:0   
 Max.   : 0.64593   Max.   : 0.83109   Max.   :6.000   Max.   :0   
   picked_lam         is_missed
 Min.   :0.003609   Min.   :0  
 1st Qu.:0.695328   1st Qu.:0  
 Median :1.608440   Median :0  
 Mean   :2.127649   Mean   :0  
 3rd Qu.:3.128914   3rd Qu.:0  
 Max.   :5.758375   Max.   :0  
[1] 0
  coverage_NDE      NDE_len        coverage_NIE      NIE_len      
 Min.   :0.000   Min.   :0.7572   Min.   :0.000   Min.   :0.6827  
 1st Qu.:1.000   1st Qu.:0.9231   1st Qu.:1.000   1st Qu.:0.8153  
 Median :1.000   Median :1.0523   Median :1.000   Median :0.9650  
 Mean   :0.897   Mean   :1.2063   Mean   :0.897   Mean   :1.1156  
 3rd Qu.:1.000   3rd Qu.:1.4131   3rd Qu.:1.000   3rd Qu.:1.3449  
 Max.   :1.000   Max.   :2.6312   Max.   :1.000   Max.   :2.5185  
    NIE_err            NDE_err           num_noise       num_missed
 Min.   :-0.84974   Min.   :-0.69398   Min.   :0.000   Min.   :0   
 1st Qu.:-0.16740   1st Qu.:-0.14244   1st Qu.:0.000   1st Qu.:0   
 Median :-0.02009   Median : 0.03394   Median :1.000   Median :0   
 Mean   :-0.02210   Mean   : 0.02920   Mean   :1.241   Mean   :0   
 3rd Qu.: 0.12302   3rd Qu.: 0.19437   3rd Qu.:2.000   3rd Qu.:0   
 Max.   : 0.64593   Max.   : 0.83109   Max.   :6.000   Max.   :0   
   picked_lam         is_missed
 Min.   :0.003609   Min.   :0  
 1st Qu.:0.695328   1st Qu.:0  
 Median :1.608440   Median :0  
 Mean   :2.127649   Mean   :0  
 3rd Qu.:3.128914   3rd Qu.:0  
 Max.   :5.758375   Max.   :0  
[1] 0
