running
  '/usr/lib64/R/bin/R --slave --no-restore --file=var-selection-sim-cv.R --args 2000 1000 nnn small cvgam T boot-mgcv-oracle'

Warning message:
NAs introduced by coercion 
[1] "2000-1000-nnn-small-cvgam-T-boot-mgcv-oracle"

Attaching package: ‘dplyr’

The following objects are masked from ‘package:stats’:

    filter, lag

The following objects are masked from ‘package:base’:

    intersect, setdiff, setequal, union

Loading required package: nnls
Super Learner
Version: 2.0-24
Package created on 2018-08-10

Loading required package: Matrix
Loading required package: foreach

Attaching package: ‘foreach’

The following objects are masked from ‘package:purrr’:

    accumulate, when

Loaded glmnet 2.0-16

Loading required package: nlme

Attaching package: ‘nlme’

The following object is masked from ‘package:dplyr’:

    collapse

This is mgcv 1.8-29. For overview type 'help("mgcv-package")'.
Loading required package: Formula
Loading required package: plotmo
Loading required package: plotrix
Loading required package: TeachingDemos
randomForest 4.6-14
Type rfNews() to see new features/changes/bug fixes.

Attaching package: ‘randomForest’

The following object is masked from ‘package:dplyr’:

    combine

Loading required package: iterators
[1] "Created data."
[1] "SL: Y"
[1] "SL: MD"
[1] "Estimated mu-hats with SuperLearner."
[1] "Finished lasso simulations: mixture."
[1] "Finished lasso simulations: product."
[1] "Finished lasso simulations: adaptive."
[1] "Finished inference technique: 1"
[1] "Finished lasso simulations: mixture."
[1] "Finished lasso simulations: product."
[1] "Finished lasso simulations: adaptive."
[1] "Finished inference technique: 2"
[1] "Finished oracle results."
[1] "Finished full results."
[1] "Scenario Complete!"
Time difference of 18.81875 hours
  coverage_NDE      NDE_len        coverage_NIE      NIE_len      
 Min.   :0.000   Min.   :0.8118   Min.   :0.000   Min.   :0.7372  
 1st Qu.:1.000   1st Qu.:1.0074   1st Qu.:1.000   1st Qu.:0.9526  
 Median :1.000   Median :1.0434   Median :1.000   Median :0.9851  
 Mean   :0.911   Mean   :1.0424   Mean   :0.908   Mean   :0.9864  
 3rd Qu.:1.000   3rd Qu.:1.0814   3rd Qu.:1.000   3rd Qu.:1.0230  
 Max.   :1.000   Max.   :1.3113   Max.   :1.000   Max.   :1.2646  
    NIE_err            NDE_err           num_noise       num_missed   
 Min.   :-0.80844   Min.   :-0.98002   Min.   :0.000   Min.   :0.000  
 1st Qu.:-0.11584   1st Qu.:-0.25020   1st Qu.:0.000   1st Qu.:0.000  
 Median : 0.05140   Median :-0.05987   Median :1.000   Median :0.000  
 Mean   : 0.05258   Mean   :-0.06009   Mean   :1.147   Mean   :0.105  
 3rd Qu.: 0.22209   3rd Qu.: 0.12135   3rd Qu.:2.000   3rd Qu.:0.000  
 Max.   : 0.94927   Max.   : 0.82798   Max.   :7.000   Max.   :2.000  
   picked_lam         is_missed    
 Min.   :0.002534   Min.   :0.000  
 1st Qu.:0.461936   1st Qu.:0.000  
 Median :1.010915   Median :0.000  
 Mean   :1.438314   Mean   :0.098  
 3rd Qu.:2.322473   3rd Qu.:0.000  
 Max.   :3.423950   Max.   :1.000  
[1] 0.098
  coverage_NDE      NDE_len        coverage_NIE      NIE_len      
 Min.   :0.000   Min.   :0.7897   Min.   :0.000   Min.   :0.7001  
 1st Qu.:1.000   1st Qu.:1.0069   1st Qu.:1.000   1st Qu.:0.9502  
 Median :1.000   Median :1.0483   Median :1.000   Median :0.9934  
 Mean   :0.925   Mean   :1.0469   Mean   :0.916   Mean   :0.9911  
 3rd Qu.:1.000   3rd Qu.:1.0864   3rd Qu.:1.000   3rd Qu.:1.0319  
 Max.   :1.000   Max.   :1.3009   Max.   :1.000   Max.   :1.2224  
    NIE_err            NDE_err           num_noise       num_missed   
 Min.   :-0.80844   Min.   :-0.98002   Min.   :0.000   Min.   :0.000  
 1st Qu.:-0.11584   1st Qu.:-0.25020   1st Qu.:0.000   1st Qu.:0.000  
 Median : 0.05140   Median :-0.05987   Median :1.000   Median :0.000  
 Mean   : 0.05258   Mean   :-0.06009   Mean   :1.147   Mean   :0.105  
 3rd Qu.: 0.22209   3rd Qu.: 0.12135   3rd Qu.:2.000   3rd Qu.:0.000  
 Max.   : 0.94927   Max.   : 0.82798   Max.   :7.000   Max.   :2.000  
   picked_lam         is_missed    
 Min.   :0.002534   Min.   :0.000  
 1st Qu.:0.461936   1st Qu.:0.000  
 Median :1.010915   Median :0.000  
 Mean   :1.438314   Mean   :0.098  
 3rd Qu.:2.322473   3rd Qu.:0.000  
 Max.   :3.423950   Max.   :1.000  
[1] 0.098
  coverage_NDE      NDE_len        coverage_NIE      NIE_len      
 Min.   :0.000   Min.   :0.3900   Min.   :0.000   Min.   :0.1905  
 1st Qu.:1.000   1st Qu.:0.9845   1st Qu.:1.000   1st Qu.:0.9243  
 Median :1.000   Median :1.0481   Median :1.000   Median :0.9917  
 Mean   :0.816   Mean   :1.0258   Mean   :0.802   Mean   :0.9613  
 3rd Qu.:1.000   3rd Qu.:1.1059   3rd Qu.:1.000   3rd Qu.:1.0510  
 Max.   :1.000   Max.   :1.5937   Max.   :1.000   Max.   :1.5714  
    NIE_err             NDE_err            num_noise       num_missed   
 Min.   :-0.808076   Min.   :-0.976353   Min.   :0.000   Min.   :0.000  
 1st Qu.:-0.187989   1st Qu.:-0.219908   1st Qu.:0.000   1st Qu.:0.000  
 Median : 0.020675   Median :-0.017764   Median :1.000   Median :0.000  
 Mean   :-0.003786   Mean   :-0.003571   Mean   :1.227   Mean   :0.302  
 3rd Qu.: 0.195222   3rd Qu.: 0.193411   3rd Qu.:2.000   3rd Qu.:1.000  
 Max.   : 0.954895   Max.   : 0.952119   Max.   :6.000   Max.   :2.000  
   picked_lam         is_missed    
 Min.   :0.006327   Min.   :0.000  
 1st Qu.:0.440026   1st Qu.:0.000  
 Median :0.930232   Median :0.000  
 Mean   :1.265273   Mean   :0.257  
 3rd Qu.:1.860463   3rd Qu.:1.000  
 Max.   :3.423950   Max.   :1.000  
[1] 0.257
  coverage_NDE      NDE_len        coverage_NIE      NIE_len      
 Min.   :0.000   Min.   :0.4482   Min.   :0.000   Min.   :0.3638  
 1st Qu.:1.000   1st Qu.:1.0161   1st Qu.:1.000   1st Qu.:0.9480  
 Median :1.000   Median :1.0724   Median :1.000   Median :1.0157  
 Mean   :0.886   Mean   :1.0757   Mean   :0.882   Mean   :1.0116  
 3rd Qu.:1.000   3rd Qu.:1.1406   3rd Qu.:1.000   3rd Qu.:1.0831  
 Max.   :1.000   Max.   :1.6668   Max.   :1.000   Max.   :1.6117  
    NIE_err             NDE_err            num_noise       num_missed   
 Min.   :-0.808076   Min.   :-0.976353   Min.   :0.000   Min.   :0.000  
 1st Qu.:-0.187989   1st Qu.:-0.219908   1st Qu.:0.000   1st Qu.:0.000  
 Median : 0.020675   Median :-0.017764   Median :1.000   Median :0.000  
 Mean   :-0.003786   Mean   :-0.003571   Mean   :1.227   Mean   :0.302  
 3rd Qu.: 0.195222   3rd Qu.: 0.193411   3rd Qu.:2.000   3rd Qu.:1.000  
 Max.   : 0.954895   Max.   : 0.952119   Max.   :6.000   Max.   :2.000  
   picked_lam         is_missed    
 Min.   :0.006327   Min.   :0.000  
 1st Qu.:0.440026   1st Qu.:0.000  
 Median :0.930232   Median :0.000  
 Mean   :1.265273   Mean   :0.257  
 3rd Qu.:1.860463   3rd Qu.:1.000  
 Max.   :3.423950   Max.   :1.000  
[1] 0.257
  coverage_NDE      NDE_len        coverage_NIE     NIE_len      
 Min.   :0.000   Min.   :0.3528   Min.   :0.00   Min.   :0.1543  
 1st Qu.:0.000   1st Qu.:0.9246   1st Qu.:0.00   1st Qu.:0.8249  
 Median :1.000   Median :1.0685   Median :1.00   Median :1.0044  
 Mean   :0.747   Mean   :1.0518   Mean   :0.73   Mean   :0.9698  
 3rd Qu.:1.000   3rd Qu.:1.2296   3rd Qu.:1.00   3rd Qu.:1.1658  
 Max.   :1.000   Max.   :1.8183   Max.   :1.00   Max.   :1.7895  
    NIE_err           NDE_err           num_noise       num_missed   
 Min.   :-0.8137   Min.   :-0.90617   Min.   :0.000   Min.   :0.000  
 1st Qu.:-0.3376   1st Qu.:-0.14424   1st Qu.:1.000   1st Qu.:0.000  
 Median :-0.1046   Median : 0.09397   Median :2.000   Median :0.000  
 Mean   :-0.1101   Mean   : 0.10302   Mean   :1.756   Mean   :0.555  
 3rd Qu.: 0.1219   3rd Qu.: 0.33274   3rd Qu.:3.000   3rd Qu.:1.000  
 Max.   : 0.9325   Max.   : 0.96200   Max.   :6.000   Max.   :2.000  
   picked_lam         is_missed    
 Min.   :0.002605   Min.   :0.000  
 1st Qu.:0.404907   1st Qu.:0.000  
 Median :0.904794   Median :0.000  
 Mean   :1.278319   Mean   :0.452  
 3rd Qu.:1.912768   3rd Qu.:1.000  
 Max.   :3.423950   Max.   :1.000  
[1] 0.452
  coverage_NDE      NDE_len        coverage_NIE      NIE_len      
 Min.   :0.000   Min.   :0.3819   Min.   :0.000   Min.   :0.1512  
 1st Qu.:1.000   1st Qu.:1.0495   1st Qu.:1.000   1st Qu.:0.9535  
 Median :1.000   Median :1.1935   Median :1.000   Median :1.1204  
 Mean   :0.859   Mean   :1.1790   Mean   :0.853   Mean   :1.0975  
 3rd Qu.:1.000   3rd Qu.:1.3452   3rd Qu.:1.000   3rd Qu.:1.2827  
 Max.   :1.000   Max.   :1.9514   Max.   :1.000   Max.   :1.8674  
    NIE_err           NDE_err           num_noise       num_missed   
 Min.   :-0.8137   Min.   :-0.90617   Min.   :0.000   Min.   :0.000  
 1st Qu.:-0.3376   1st Qu.:-0.14424   1st Qu.:1.000   1st Qu.:0.000  
 Median :-0.1046   Median : 0.09397   Median :2.000   Median :0.000  
 Mean   :-0.1101   Mean   : 0.10302   Mean   :1.756   Mean   :0.555  
 3rd Qu.: 0.1219   3rd Qu.: 0.33274   3rd Qu.:3.000   3rd Qu.:1.000  
 Max.   : 0.9325   Max.   : 0.96200   Max.   :6.000   Max.   :2.000  
   picked_lam         is_missed    
 Min.   :0.002605   Min.   :0.000  
 1st Qu.:0.404907   1st Qu.:0.000  
 Median :0.904794   Median :0.000  
 Mean   :1.278319   Mean   :0.452  
 3rd Qu.:1.912768   3rd Qu.:1.000  
 Max.   :3.423950   Max.   :1.000  
[1] 0.452
