running
  '/usr/lib64/R/bin/R --slave --no-restore --file=var-selection-sim-cv.R --args 2000 1000 lll large cvgam F boot-mgcv-oracle'

Warning message:
NAs introduced by coercion 
[1] "2000-1000-lll-large-cvgam-F-boot-mgcv-oracle"

Attaching package: ‘dplyr’

The following objects are masked from ‘package:stats’:

    filter, lag

The following objects are masked from ‘package:base’:

    intersect, setdiff, setequal, union

Loading required package: nnls
Super Learner
Version: 2.0-24
Package created on 2018-08-10

Loading required package: Matrix
Loading required package: foreach

Attaching package: ‘foreach’

The following objects are masked from ‘package:purrr’:

    accumulate, when

Loaded glmnet 2.0-16

Loading required package: nlme

Attaching package: ‘nlme’

The following object is masked from ‘package:dplyr’:

    collapse

This is mgcv 1.8-29. For overview type 'help("mgcv-package")'.
Loading required package: Formula
Loading required package: plotmo
Loading required package: plotrix
Loading required package: TeachingDemos
randomForest 4.6-14
Type rfNews() to see new features/changes/bug fixes.

Attaching package: ‘randomForest’

The following object is masked from ‘package:dplyr’:

    combine

Loading required package: iterators
[1] "Created data."
[1] "Estimated mu-hats with SuperLearner."
[1] "Finished lasso simulations: mixture."
[1] "Finished lasso simulations: product."
[1] "Finished lasso simulations: adaptive."
[1] "Finished inference technique: 1"
[1] "Finished lasso simulations: mixture."
[1] "Finished lasso simulations: product."
[1] "Finished lasso simulations: adaptive."
[1] "Finished inference technique: 2"
[1] "Finished oracle results."
[1] "Finished full results."
[1] "Scenario Complete!"
Time difference of 3.160044 hours
  coverage_NDE      NDE_len        coverage_NIE      NIE_len      
 Min.   :0.000   Min.   :0.5556   Min.   :0.000   Min.   :0.4838  
 1st Qu.:1.000   1st Qu.:0.6162   1st Qu.:1.000   1st Qu.:0.5383  
 Median :1.000   Median :0.6354   Median :1.000   Median :0.5536  
 Mean   :0.952   Mean   :0.6355   Mean   :0.939   Mean   :0.5548  
 3rd Qu.:1.000   3rd Qu.:0.6530   3rd Qu.:1.000   3rd Qu.:0.5701  
 Max.   :1.000   Max.   :0.7374   Max.   :1.000   Max.   :0.6490  
    NIE_err             NDE_err             num_noise       num_missed
 Min.   :-0.439590   Min.   :-0.5234920   Min.   :0.000   Min.   :0   
 1st Qu.:-0.088084   1st Qu.:-0.1011622   1st Qu.:0.000   1st Qu.:0   
 Median :-0.009957   Median :-0.0000551   Median :1.000   Median :0   
 Mean   :-0.001705   Mean   :-0.0010747   Mean   :1.153   Mean   :0   
 3rd Qu.: 0.087484   3rd Qu.: 0.0977243   3rd Qu.:2.000   3rd Qu.:0   
 Max.   : 0.445985   Max.   : 0.5571011   Max.   :6.000   Max.   :0   
   picked_lam         is_missed
 Min.   :0.003534   Min.   :0  
 1st Qu.:0.491636   1st Qu.:0  
 Median :1.129482   Median :0  
 Mean   :1.544006   Mean   :0  
 3rd Qu.:2.819935   3rd Qu.:0  
 Max.   :3.423950   Max.   :0  
[1] 0
  coverage_NDE      NDE_len        coverage_NIE      NIE_len      
 Min.   :0.000   Min.   :0.5572   Min.   :0.000   Min.   :0.4817  
 1st Qu.:1.000   1st Qu.:0.6160   1st Qu.:1.000   1st Qu.:0.5380  
 Median :1.000   Median :0.6354   Median :1.000   Median :0.5552  
 Mean   :0.956   Mean   :0.6357   Mean   :0.941   Mean   :0.5555  
 3rd Qu.:1.000   3rd Qu.:0.6546   3rd Qu.:1.000   3rd Qu.:0.5713  
 Max.   :1.000   Max.   :0.7272   Max.   :1.000   Max.   :0.6374  
    NIE_err             NDE_err             num_noise       num_missed
 Min.   :-0.439590   Min.   :-0.5234920   Min.   :0.000   Min.   :0   
 1st Qu.:-0.088084   1st Qu.:-0.1011622   1st Qu.:0.000   1st Qu.:0   
 Median :-0.009957   Median :-0.0000551   Median :1.000   Median :0   
 Mean   :-0.001705   Mean   :-0.0010747   Mean   :1.153   Mean   :0   
 3rd Qu.: 0.087484   3rd Qu.: 0.0977243   3rd Qu.:2.000   3rd Qu.:0   
 Max.   : 0.445985   Max.   : 0.5571011   Max.   :6.000   Max.   :0   
   picked_lam         is_missed
 Min.   :0.003534   Min.   :0  
 1st Qu.:0.491636   1st Qu.:0  
 Median :1.129482   Median :0  
 Mean   :1.544006   Mean   :0  
 3rd Qu.:2.819935   3rd Qu.:0  
 Max.   :3.423950   Max.   :0  
[1] 0
  coverage_NDE      NDE_len        coverage_NIE      NIE_len      
 Min.   :0.000   Min.   :0.5566   Min.   :0.000   Min.   :0.4861  
 1st Qu.:1.000   1st Qu.:0.6222   1st Qu.:1.000   1st Qu.:0.5428  
 Median :1.000   Median :0.6425   Median :1.000   Median :0.5605  
 Mean   :0.939   Mean   :0.6692   Mean   :0.922   Mean   :0.5915  
 3rd Qu.:1.000   3rd Qu.:0.6674   3rd Qu.:1.000   3rd Qu.:0.5860  
 Max.   :1.000   Max.   :1.7136   Max.   :1.000   Max.   :1.6864  
    NIE_err             NDE_err            num_noise       num_missed
 Min.   :-0.442282   Min.   :-0.515126   Min.   :0.000   Min.   :0   
 1st Qu.:-0.093962   1st Qu.:-0.098958   1st Qu.:0.000   1st Qu.:0   
 Median :-0.015470   Median : 0.005770   Median :1.000   Median :0   
 Mean   :-0.006808   Mean   : 0.004064   Mean   :1.197   Mean   :0   
 3rd Qu.: 0.082998   3rd Qu.: 0.105426   3rd Qu.:2.000   3rd Qu.:0   
 Max.   : 0.454976   Max.   : 0.606133   Max.   :6.000   Max.   :0   
   picked_lam         is_missed
 Min.   :0.003736   Min.   :0  
 1st Qu.:0.478192   1st Qu.:0  
 Median :1.010915   Median :0  
 Mean   :1.446890   Mean   :0  
 3rd Qu.:2.454896   3rd Qu.:0  
 Max.   :3.423950   Max.   :0  
[1] 0
  coverage_NDE     NDE_len        coverage_NIE      NIE_len      
 Min.   :0.00   Min.   :0.5608   Min.   :0.000   Min.   :0.4792  
 1st Qu.:1.00   1st Qu.:0.6210   1st Qu.:1.000   1st Qu.:0.5429  
 Median :1.00   Median :0.6438   Median :1.000   Median :0.5623  
 Mean   :0.94   Mean   :0.6790   Mean   :0.924   Mean   :0.6015  
 3rd Qu.:1.00   3rd Qu.:0.6722   3rd Qu.:1.000   3rd Qu.:0.5916  
 Max.   :1.00   Max.   :1.7866   Max.   :1.000   Max.   :1.6972  
    NIE_err             NDE_err            num_noise       num_missed
 Min.   :-0.442282   Min.   :-0.515126   Min.   :0.000   Min.   :0   
 1st Qu.:-0.093962   1st Qu.:-0.098958   1st Qu.:0.000   1st Qu.:0   
 Median :-0.015470   Median : 0.005770   Median :1.000   Median :0   
 Mean   :-0.006808   Mean   : 0.004064   Mean   :1.197   Mean   :0   
 3rd Qu.: 0.082998   3rd Qu.: 0.105426   3rd Qu.:2.000   3rd Qu.:0   
 Max.   : 0.454976   Max.   : 0.606133   Max.   :6.000   Max.   :0   
   picked_lam         is_missed
 Min.   :0.003736   Min.   :0  
 1st Qu.:0.478192   1st Qu.:0  
 Median :1.010915   Median :0  
 Mean   :1.446890   Mean   :0  
 3rd Qu.:2.454896   3rd Qu.:0  
 Max.   :3.423950   Max.   :0  
[1] 0
  coverage_NDE     NDE_len        coverage_NIE      NIE_len      
 Min.   :0.00   Min.   :0.5683   Min.   :0.000   Min.   :0.4872  
 1st Qu.:1.00   1st Qu.:0.6328   1st Qu.:1.000   1st Qu.:0.5523  
 Median :1.00   Median :0.6598   Median :1.000   Median :0.5808  
 Mean   :0.89   Mean   :0.7428   Mean   :0.873   Mean   :0.6697  
 3rd Qu.:1.00   3rd Qu.:0.7302   3rd Qu.:1.000   3rd Qu.:0.6593  
 Max.   :1.00   Max.   :2.1686   Max.   :1.000   Max.   :2.1146  
    NIE_err            NDE_err           num_noise       num_missed
 Min.   :-0.45762   Min.   :-0.51182   Min.   :0.000   Min.   :0   
 1st Qu.:-0.10442   1st Qu.:-0.09086   1st Qu.:0.000   1st Qu.:0   
 Median :-0.02236   Median : 0.01374   Median :1.000   Median :0   
 Mean   :-0.01598   Mean   : 0.01330   Mean   :1.249   Mean   :0   
 3rd Qu.: 0.07263   3rd Qu.: 0.11816   3rd Qu.:2.000   3rd Qu.:0   
 Max.   : 0.45454   Max.   : 0.56438   Max.   :6.000   Max.   :0   
   picked_lam         is_missed
 Min.   :0.003736   Min.   :0  
 1st Qu.:0.505458   1st Qu.:0  
 Median :1.010915   Median :0  
 Mean   :1.372643   Mean   :0  
 3rd Qu.:2.078672   3rd Qu.:0  
 Max.   :3.423950   Max.   :0  
[1] 0
  coverage_NDE      NDE_len        coverage_NIE      NIE_len      
 Min.   :0.000   Min.   :0.5610   Min.   :0.000   Min.   :0.4787  
 1st Qu.:1.000   1st Qu.:0.6355   1st Qu.:1.000   1st Qu.:0.5567  
 Median :1.000   Median :0.6715   Median :1.000   Median :0.5894  
 Mean   :0.908   Mean   :0.7766   Mean   :0.898   Mean   :0.7042  
 3rd Qu.:1.000   3rd Qu.:0.7843   3rd Qu.:1.000   3rd Qu.:0.7136  
 Max.   :1.000   Max.   :2.1653   Max.   :1.000   Max.   :2.1345  
    NIE_err            NDE_err           num_noise       num_missed
 Min.   :-0.45762   Min.   :-0.51182   Min.   :0.000   Min.   :0   
 1st Qu.:-0.10442   1st Qu.:-0.09086   1st Qu.:0.000   1st Qu.:0   
 Median :-0.02236   Median : 0.01374   Median :1.000   Median :0   
 Mean   :-0.01598   Mean   : 0.01330   Mean   :1.249   Mean   :0   
 3rd Qu.: 0.07263   3rd Qu.: 0.11816   3rd Qu.:2.000   3rd Qu.:0   
 Max.   : 0.45454   Max.   : 0.56438   Max.   :6.000   Max.   :0   
   picked_lam         is_missed
 Min.   :0.003736   Min.   :0  
 1st Qu.:0.505458   1st Qu.:0  
 Median :1.010915   Median :0  
 Mean   :1.372643   Mean   :0  
 3rd Qu.:2.078672   3rd Qu.:0  
 Max.   :3.423950   Max.   :0  
[1] 0
