running
  '/software/r/3.6.1/b1/lib64/R/bin/R --slave --no-restore --file=./R/var-selection-sim-cv.R --args 4000 1000 lnn large cvgam T boot-mgcv-oracle'

Warning message:
NAs introduced by coercion 
[1] "4000-1000-lnn-large-cvgam-T-boot-mgcv-oracle"
[1] TRUE

Attaching package: ‘dplyr’

The following objects are masked from ‘package:stats’:

    filter, lag

The following objects are masked from ‘package:base’:

    intersect, setdiff, setequal, union

Loading required package: nnls
Super Learner
Version: 2.0-26
Package created on 2019-10-27

Loading required package: Matrix
Loaded glmnet 4.1
Loading required package: nlme

Attaching package: ‘nlme’

The following object is masked from ‘package:dplyr’:

    collapse

This is mgcv 1.8-33. For overview type 'help("mgcv-package")'.
Loading required package: Formula
Loading required package: plotmo
Loading required package: plotrix
Loading required package: TeachingDemos
randomForest 4.6-14
Type rfNews() to see new features/changes/bug fixes.

Attaching package: ‘randomForest’

The following object is masked from ‘package:dplyr’:

    combine

Loading required package: foreach

Attaching package: ‘foreach’

The following objects are masked from ‘package:purrr’:

    accumulate, when

Loading required package: iterators
R version 3.6.1 (2019-07-05)
Platform: x86_64-pc-linux-gnu (64-bit)
Running under: Red Hat Enterprise Linux Server 7.9 (Maipo)

Matrix products: default
BLAS:   /gpfs/fs1/sfw2/r/3.6.1/b1/lib64/R/lib/libRblas.so
LAPACK: /gpfs/fs1/sfw2/r/3.6.1/b1/lib64/R/lib/libRlapack.so

locale:
 [1] LC_CTYPE=en_US.UTF-8       LC_NUMERIC=C              
 [3] LC_TIME=en_US.UTF-8        LC_COLLATE=en_US.UTF-8    
 [5] LC_MONETARY=en_US.UTF-8    LC_MESSAGES=en_US.UTF-8   
 [7] LC_PAPER=en_US.UTF-8       LC_NAME=C                 
 [9] LC_ADDRESS=C               LC_TELEPHONE=C            
[11] LC_MEASUREMENT=en_US.UTF-8 LC_IDENTIFICATION=C       

attached base packages:
[1] parallel  stats     graphics  grDevices datasets  utils     methods  
[8] base     

other attached packages:
 [1] doParallel_1.0.16   iterators_1.0.12    foreach_1.5.1      
 [4] randomForest_4.6-14 earth_5.3.0         plotmo_3.6.0       
 [7] TeachingDemos_2.10  plotrix_3.7-6       Formula_1.2-3      
[10] mgcv_1.8-33         nlme_3.1-140        glmnet_4.1         
[13] Matrix_1.2-17       SuperLearner_2.0-26 nnls_1.4           
[16] purrr_0.3.4         dplyr_1.0.4        

loaded via a namespace (and not attached):
 [1] magrittr_1.5      splines_3.6.1     tidyselect_1.1.0  lattice_0.20-38  
 [5] R6_2.4.0          rlang_0.4.10      tools_3.6.1       grid_3.6.1       
 [9] ellipsis_0.3.0    survival_2.44-1.1 tibble_3.0.6      lifecycle_0.2.0  
[13] crayon_1.3.4      vctrs_0.3.6       codetools_0.2-16  shape_1.4.4      
[17] glue_1.4.2        compiler_3.6.1    pillar_1.4.7      generics_0.0.2   
[21] renv_0.12.5       pkgconfig_2.0.2  
[1] "Created data."
[1] "SL: Y"
[1] "SL: MD"
[1] "Estimated mu-hats with SuperLearner."
[1] "Finished lasso simulations: mixture."
[1] "Finished lasso simulations: product."
[1] "Finished lasso simulations: adaptive."
[1] "Finished inference technique: 1"
[1] "Finished lasso simulations: mixture."
[1] "Finished lasso simulations: product."
[1] "Finished lasso simulations: adaptive."
[1] "Finished inference technique: 2"
[1] "Finished oracle results."
[1] "Finished full results."
[1] "Scenario Complete!"
Time difference of 3.040743 hours
  coverage_NDE      NDE_len        coverage_NIE      NIE_len      
 Min.   :0.000   Min.   :0.4002   Min.   :0.000   Min.   :0.3511  
 1st Qu.:1.000   1st Qu.:0.4387   1st Qu.:1.000   1st Qu.:0.3823  
 Median :1.000   Median :0.4497   Median :1.000   Median :0.3914  
 Mean   :0.941   Mean   :0.4499   Mean   :0.943   Mean   :0.3918  
 3rd Qu.:1.000   3rd Qu.:0.4609   3rd Qu.:1.000   3rd Qu.:0.4015  
 Max.   :1.000   Max.   :0.5166   Max.   :1.000   Max.   :0.4458  
    NIE_err            NDE_err           num_noise      num_missed
 Min.   :-0.33613   Min.   :-0.37816   Min.   :0.00   Min.   :0   
 1st Qu.:-0.05253   1st Qu.:-0.09089   1st Qu.:0.00   1st Qu.:0   
 Median : 0.01652   Median :-0.01633   Median :1.00   Median :0   
 Mean   : 0.01622   Mean   :-0.01812   Mean   :1.15   Mean   :0   
 3rd Qu.: 0.08244   3rd Qu.: 0.06058   3rd Qu.:2.00   3rd Qu.:0   
 Max.   : 0.31907   Max.   : 0.37523   Max.   :6.00   Max.   :0   
   picked_lam         is_missed
 Min.   :0.001312   Min.   :0  
 1st Qu.:0.308996   1st Qu.:0  
 Median :0.709887   Median :0  
 Mean   :0.978769   Mean   :0  
 3rd Qu.:1.873404   3rd Qu.:0  
 Max.   :2.035893   Max.   :0  
[1] 0
  coverage_NDE      NDE_len        coverage_NIE      NIE_len      
 Min.   :0.000   Min.   :0.3931   Min.   :0.000   Min.   :0.3458  
 1st Qu.:1.000   1st Qu.:0.4372   1st Qu.:1.000   1st Qu.:0.3813  
 Median :1.000   Median :0.4482   Median :1.000   Median :0.3900  
 Mean   :0.935   Mean   :0.4484   Mean   :0.937   Mean   :0.3906  
 3rd Qu.:1.000   3rd Qu.:0.4601   3rd Qu.:1.000   3rd Qu.:0.4005  
 Max.   :1.000   Max.   :0.5011   Max.   :1.000   Max.   :0.4508  
    NIE_err            NDE_err           num_noise      num_missed
 Min.   :-0.33613   Min.   :-0.37816   Min.   :0.00   Min.   :0   
 1st Qu.:-0.05253   1st Qu.:-0.09089   1st Qu.:0.00   1st Qu.:0   
 Median : 0.01652   Median :-0.01633   Median :1.00   Median :0   
 Mean   : 0.01622   Mean   :-0.01812   Mean   :1.15   Mean   :0   
 3rd Qu.: 0.08244   3rd Qu.: 0.06058   3rd Qu.:2.00   3rd Qu.:0   
 Max.   : 0.31907   Max.   : 0.37523   Max.   :6.00   Max.   :0   
   picked_lam         is_missed
 Min.   :0.001312   Min.   :0  
 1st Qu.:0.308996   1st Qu.:0  
 Median :0.709887   Median :0  
 Mean   :0.978769   Mean   :0  
 3rd Qu.:1.873404   3rd Qu.:0  
 Max.   :2.035893   Max.   :0  
[1] 0
  coverage_NDE      NDE_len        coverage_NIE      NIE_len      
 Min.   :0.000   Min.   :0.4010   Min.   :0.000   Min.   :0.3474  
 1st Qu.:1.000   1st Qu.:0.4413   1st Qu.:1.000   1st Qu.:0.3847  
 Median :1.000   Median :0.4536   Median :1.000   Median :0.3948  
 Mean   :0.939   Mean   :0.4620   Mean   :0.939   Mean   :0.4046  
 3rd Qu.:1.000   3rd Qu.:0.4671   3rd Qu.:1.000   3rd Qu.:0.4068  
 Max.   :1.000   Max.   :0.9226   Max.   :1.000   Max.   :0.9117  
    NIE_err            NDE_err           num_noise       num_missed
 Min.   :-0.34787   Min.   :-0.37584   Min.   :0.000   Min.   :0   
 1st Qu.:-0.05649   1st Qu.:-0.08713   1st Qu.:0.000   1st Qu.:0   
 Median : 0.01269   Median :-0.01320   Median :1.000   Median :0   
 Mean   : 0.01318   Mean   :-0.01507   Mean   :1.128   Mean   :0   
 3rd Qu.: 0.07998   3rd Qu.: 0.06489   3rd Qu.:2.000   3rd Qu.:0   
 Max.   : 0.31883   Max.   : 0.37518   Max.   :6.000   Max.   :0   
   picked_lam         is_missed
 Min.   :0.002773   Min.   :0  
 1st Qu.:0.306884   1st Qu.:0  
 Median :0.690475   Median :0  
 Mean   :0.913863   Mean   :0  
 3rd Qu.:1.511275   3rd Qu.:0  
 Max.   :2.035893   Max.   :0  
[1] 0
  coverage_NDE      NDE_len        coverage_NIE      NIE_len      
 Min.   :0.000   Min.   :0.3933   Min.   :0.000   Min.   :0.3433  
 1st Qu.:1.000   1st Qu.:0.4395   1st Qu.:1.000   1st Qu.:0.3838  
 Median :1.000   Median :0.4527   Median :1.000   Median :0.3946  
 Mean   :0.935   Mean   :0.4650   Mean   :0.933   Mean   :0.4084  
 3rd Qu.:1.000   3rd Qu.:0.4672   3rd Qu.:1.000   3rd Qu.:0.4088  
 Max.   :1.000   Max.   :0.9702   Max.   :1.000   Max.   :0.9298  
    NIE_err            NDE_err           num_noise       num_missed
 Min.   :-0.34787   Min.   :-0.37584   Min.   :0.000   Min.   :0   
 1st Qu.:-0.05649   1st Qu.:-0.08713   1st Qu.:0.000   1st Qu.:0   
 Median : 0.01269   Median :-0.01320   Median :1.000   Median :0   
 Mean   : 0.01318   Mean   :-0.01507   Mean   :1.128   Mean   :0   
 3rd Qu.: 0.07998   3rd Qu.: 0.06489   3rd Qu.:2.000   3rd Qu.:0   
 Max.   : 0.31883   Max.   : 0.37518   Max.   :6.000   Max.   :0   
   picked_lam         is_missed
 Min.   :0.002773   Min.   :0  
 1st Qu.:0.306884   1st Qu.:0  
 Median :0.690475   Median :0  
 Mean   :0.913863   Mean   :0  
 3rd Qu.:1.511275   3rd Qu.:0  
 Max.   :2.035893   Max.   :0  
[1] 0
  coverage_NDE      NDE_len        coverage_NIE      NIE_len      
 Min.   :0.000   Min.   :0.4005   Min.   :0.000   Min.   :0.3485  
 1st Qu.:1.000   1st Qu.:0.4445   1st Qu.:1.000   1st Qu.:0.3879  
 Median :1.000   Median :0.4590   Median :1.000   Median :0.4012  
 Mean   :0.914   Mean   :0.5038   Mean   :0.914   Mean   :0.4491  
 3rd Qu.:1.000   3rd Qu.:0.4833   3rd Qu.:1.000   3rd Qu.:0.4216  
 Max.   :1.000   Max.   :1.7012   Max.   :1.000   Max.   :1.6733  
    NIE_err             NDE_err            num_noise       num_missed
 Min.   :-0.374999   Min.   :-0.375636   Min.   :0.000   Min.   :0   
 1st Qu.:-0.062957   1st Qu.:-0.083322   1st Qu.:0.000   1st Qu.:0   
 Median : 0.006976   Median :-0.008318   Median :1.000   Median :0   
 Mean   : 0.007541   Mean   :-0.009394   Mean   :1.155   Mean   :0   
 3rd Qu.: 0.076350   3rd Qu.: 0.072478   3rd Qu.:2.000   3rd Qu.:0   
 Max.   : 0.318828   Max.   : 0.419323   Max.   :6.000   Max.   :0   
   picked_lam         is_missed
 Min.   :0.002697   Min.   :0  
 1st Qu.:0.324382   1st Qu.:0  
 Median :0.653230   Median :0  
 Mean   :0.856499   Mean   :0  
 3rd Qu.:1.244673   3rd Qu.:0  
 Max.   :2.035893   Max.   :0  
[1] 0
  coverage_NDE      NDE_len        coverage_NIE     NIE_len      
 Min.   :0.000   Min.   :0.3927   Min.   :0.00   Min.   :0.3458  
 1st Qu.:1.000   1st Qu.:0.4439   1st Qu.:1.00   1st Qu.:0.3884  
 Median :1.000   Median :0.4608   Median :1.00   Median :0.4024  
 Mean   :0.919   Mean   :0.5189   Mean   :0.92   Mean   :0.4653  
 3rd Qu.:1.000   3rd Qu.:0.4931   3rd Qu.:1.00   3rd Qu.:0.4365  
 Max.   :1.000   Max.   :1.7659   Max.   :1.00   Max.   :1.7781  
    NIE_err             NDE_err            num_noise       num_missed
 Min.   :-0.374999   Min.   :-0.375636   Min.   :0.000   Min.   :0   
 1st Qu.:-0.062957   1st Qu.:-0.083322   1st Qu.:0.000   1st Qu.:0   
 Median : 0.006976   Median :-0.008318   Median :1.000   Median :0   
 Mean   : 0.007541   Mean   :-0.009394   Mean   :1.155   Mean   :0   
 3rd Qu.: 0.076350   3rd Qu.: 0.072478   3rd Qu.:2.000   3rd Qu.:0   
 Max.   : 0.318828   Max.   : 0.419323   Max.   :6.000   Max.   :0   
   picked_lam         is_missed
 Min.   :0.002697   Min.   :0  
 1st Qu.:0.324382   1st Qu.:0  
 Median :0.653230   Median :0  
 Mean   :0.856499   Mean   :0  
 3rd Qu.:1.244673   3rd Qu.:0  
 Max.   :2.035893   Max.   :0  
[1] 0
