running
  '/software/r/3.6.1/b1/lib64/R/bin/R --slave --no-restore --file=./R/var-selection-sim-cv.R --args 4000 1000 lll small cvgam T boot-mgcv-oracle'

Warning message:
NAs introduced by coercion 
[1] "4000-1000-lll-small-cvgam-T-boot-mgcv-oracle"

Attaching package: ‘dplyr’

The following objects are masked from ‘package:stats’:

    filter, lag

The following objects are masked from ‘package:base’:

    intersect, setdiff, setequal, union

Loading required package: nnls
Super Learner
Version: 2.0-26
Package created on 2019-10-27

Loading required package: Matrix
Loaded glmnet 4.1
Loading required package: nlme

Attaching package: ‘nlme’

The following object is masked from ‘package:dplyr’:

    collapse

This is mgcv 1.8-33. For overview type 'help("mgcv-package")'.
Loading required package: Formula
Loading required package: plotmo
Loading required package: plotrix
Loading required package: TeachingDemos
randomForest 4.6-14
Type rfNews() to see new features/changes/bug fixes.

Attaching package: ‘randomForest’

The following object is masked from ‘package:dplyr’:

    combine

Loading required package: foreach

Attaching package: ‘foreach’

The following objects are masked from ‘package:purrr’:

    accumulate, when

Loading required package: iterators
R version 3.6.1 (2019-07-05)
Platform: x86_64-pc-linux-gnu (64-bit)
Running under: Red Hat Enterprise Linux Server 7.9 (Maipo)

Matrix products: default
BLAS:   /gpfs/fs1/sfw2/r/3.6.1/b1/lib64/R/lib/libRblas.so
LAPACK: /gpfs/fs1/sfw2/r/3.6.1/b1/lib64/R/lib/libRlapack.so

locale:
 [1] LC_CTYPE=en_US.UTF-8       LC_NUMERIC=C              
 [3] LC_TIME=en_US.UTF-8        LC_COLLATE=en_US.UTF-8    
 [5] LC_MONETARY=en_US.UTF-8    LC_MESSAGES=en_US.UTF-8   
 [7] LC_PAPER=en_US.UTF-8       LC_NAME=C                 
 [9] LC_ADDRESS=C               LC_TELEPHONE=C            
[11] LC_MEASUREMENT=en_US.UTF-8 LC_IDENTIFICATION=C       

attached base packages:
[1] parallel  stats     graphics  grDevices datasets  utils     methods  
[8] base     

other attached packages:
 [1] doParallel_1.0.16   iterators_1.0.12    foreach_1.5.1      
 [4] randomForest_4.6-14 earth_5.3.0         plotmo_3.6.0       
 [7] TeachingDemos_2.10  plotrix_3.7-6       Formula_1.2-3      
[10] mgcv_1.8-33         nlme_3.1-140        glmnet_4.1         
[13] Matrix_1.2-17       SuperLearner_2.0-26 nnls_1.4           
[16] purrr_0.3.4         dplyr_1.0.4        

loaded via a namespace (and not attached):
 [1] magrittr_1.5      splines_3.6.1     tidyselect_1.1.0  lattice_0.20-38  
 [5] R6_2.4.0          rlang_0.4.10      tools_3.6.1       grid_3.6.1       
 [9] ellipsis_0.3.0    survival_2.44-1.1 tibble_3.0.6      lifecycle_0.2.0  
[13] crayon_1.3.4      vctrs_0.3.6       codetools_0.2-16  shape_1.4.4      
[17] glue_1.4.2        compiler_3.6.1    pillar_1.4.7      generics_0.0.2   
[21] renv_0.12.5       pkgconfig_2.0.2  
[1] "Created data."
[1] "SL: Y"
[1] "SL: MD"
[1] "Estimated mu-hats with SuperLearner."
[1] "Finished lasso simulations: mixture."
[1] "Finished lasso simulations: product."
[1] "Finished lasso simulations: adaptive."
[1] "Finished inference technique: 1"
[1] "Finished lasso simulations: mixture."
[1] "Finished lasso simulations: product."
[1] "Finished lasso simulations: adaptive."
[1] "Finished inference technique: 2"
[1] "Finished oracle results."
[1] "Finished full results."
[1] "Scenario Complete!"
Time difference of 1.811275 days
  coverage_NDE      NDE_len        coverage_NIE      NIE_len      
 Min.   :0.000   Min.   :0.6079   Min.   :0.000   Min.   :0.5583  
 1st Qu.:1.000   1st Qu.:0.7228   1st Qu.:1.000   1st Qu.:0.6826  
 Median :1.000   Median :0.7449   Median :1.000   Median :0.7020  
 Mean   :0.928   Mean   :0.7437   Mean   :0.928   Mean   :0.7020  
 3rd Qu.:1.000   3rd Qu.:0.7659   3rd Qu.:1.000   3rd Qu.:0.7240  
 Max.   :1.000   Max.   :0.8764   Max.   :1.000   Max.   :0.8308  
    NIE_err             NDE_err           num_noise       num_missed   
 Min.   :-0.572725   Min.   :-0.61618   Min.   :0.000   Min.   :0.000  
 1st Qu.:-0.125662   1st Qu.:-0.14073   1st Qu.:0.000   1st Qu.:0.000  
 Median : 0.009766   Median :-0.01311   Median :0.000   Median :0.000  
 Mean   : 0.008871   Mean   :-0.01179   Mean   :1.052   Mean   :0.085  
 3rd Qu.: 0.135312   3rd Qu.: 0.12053   3rd Qu.:2.000   3rd Qu.:0.000  
 Max.   : 0.531033   Max.   : 0.57768   Max.   :7.000   Max.   :2.000  
   picked_lam         is_missed    
 Min.   :0.001684   Min.   :0.000  
 1st Qu.:0.326615   1st Qu.:0.000  
 Median :0.671594   Median :0.000  
 Mean   :0.925585   Mean   :0.082  
 3rd Qu.:1.630893   3rd Qu.:0.000  
 Max.   :2.035893   Max.   :1.000  
[1] 0.082
  coverage_NDE      NDE_len        coverage_NIE      NIE_len      
 Min.   :0.000   Min.   :0.5911   Min.   :0.000   Min.   :0.5495  
 1st Qu.:1.000   1st Qu.:0.7208   1st Qu.:1.000   1st Qu.:0.6810  
 Median :1.000   Median :0.7446   Median :1.000   Median :0.7039  
 Mean   :0.936   Mean   :0.7454   Mean   :0.942   Mean   :0.7039  
 3rd Qu.:1.000   3rd Qu.:0.7688   3rd Qu.:1.000   3rd Qu.:0.7275  
 Max.   :1.000   Max.   :0.8706   Max.   :1.000   Max.   :0.8448  
    NIE_err             NDE_err           num_noise       num_missed   
 Min.   :-0.572725   Min.   :-0.61618   Min.   :0.000   Min.   :0.000  
 1st Qu.:-0.125662   1st Qu.:-0.14073   1st Qu.:0.000   1st Qu.:0.000  
 Median : 0.009766   Median :-0.01311   Median :0.000   Median :0.000  
 Mean   : 0.008871   Mean   :-0.01179   Mean   :1.052   Mean   :0.085  
 3rd Qu.: 0.135312   3rd Qu.: 0.12053   3rd Qu.:2.000   3rd Qu.:0.000  
 Max.   : 0.531033   Max.   : 0.57768   Max.   :7.000   Max.   :2.000  
   picked_lam         is_missed    
 Min.   :0.001684   Min.   :0.000  
 1st Qu.:0.326615   1st Qu.:0.000  
 Median :0.671594   Median :0.000  
 Mean   :0.925585   Mean   :0.082  
 3rd Qu.:1.630893   3rd Qu.:0.000  
 Max.   :2.035893   Max.   :1.000  
[1] 0.082
  coverage_NDE      NDE_len        coverage_NIE    NIE_len      
 Min.   :0.000   Min.   :0.2666   Min.   :0.0   Min.   :0.1138  
 1st Qu.:1.000   1st Qu.:0.6978   1st Qu.:1.0   1st Qu.:0.6406  
 Median :1.000   Median :0.7469   Median :1.0   Median :0.7043  
 Mean   :0.806   Mean   :0.7204   Mean   :0.8   Mean   :0.6703  
 3rd Qu.:1.000   3rd Qu.:0.7841   3rd Qu.:1.0   3rd Qu.:0.7434  
 Max.   :1.000   Max.   :1.0948   Max.   :1.0   Max.   :1.0148  
    NIE_err            NDE_err           num_noise       num_missed   
 Min.   :-0.58779   Min.   :-0.60896   Min.   :0.000   Min.   :0.000  
 1st Qu.:-0.19020   1st Qu.:-0.12462   1st Qu.:0.000   1st Qu.:0.000  
 Median :-0.03030   Median : 0.03268   Median :1.000   Median :0.000  
 Mean   :-0.04452   Mean   : 0.04176   Mean   :1.098   Mean   :0.363  
 3rd Qu.: 0.11275   3rd Qu.: 0.19120   3rd Qu.:2.000   3rd Qu.:1.000  
 Max.   : 0.53020   Max.   : 0.71446   Max.   :6.000   Max.   :2.000  
   picked_lam        is_missed    
 Min.   :0.01547   Min.   :0.000  
 1st Qu.:0.28433   1st Qu.:0.000  
 Median :0.58466   Median :0.000  
 Mean   :0.79726   Mean   :0.293  
 3rd Qu.:1.23599   3rd Qu.:1.000  
 Max.   :2.03589   Max.   :1.000  
[1] 0.293
  coverage_NDE     NDE_len        coverage_NIE      NIE_len      
 Min.   :0.00   Min.   :0.3106   Min.   :0.000   Min.   :0.1852  
 1st Qu.:1.00   1st Qu.:0.7208   1st Qu.:1.000   1st Qu.:0.6739  
 Median :1.00   Median :0.7652   Median :1.000   Median :0.7200  
 Mean   :0.88   Mean   :0.7588   Mean   :0.866   Mean   :0.7092  
 3rd Qu.:1.00   3rd Qu.:0.8116   3rd Qu.:1.000   3rd Qu.:0.7715  
 Max.   :1.00   Max.   :1.1111   Max.   :1.000   Max.   :1.0519  
    NIE_err            NDE_err           num_noise       num_missed   
 Min.   :-0.58779   Min.   :-0.60896   Min.   :0.000   Min.   :0.000  
 1st Qu.:-0.19020   1st Qu.:-0.12462   1st Qu.:0.000   1st Qu.:0.000  
 Median :-0.03030   Median : 0.03268   Median :1.000   Median :0.000  
 Mean   :-0.04452   Mean   : 0.04176   Mean   :1.098   Mean   :0.363  
 3rd Qu.: 0.11275   3rd Qu.: 0.19120   3rd Qu.:2.000   3rd Qu.:1.000  
 Max.   : 0.53020   Max.   : 0.71446   Max.   :6.000   Max.   :2.000  
   picked_lam        is_missed    
 Min.   :0.01547   Min.   :0.000  
 1st Qu.:0.28433   1st Qu.:0.000  
 Median :0.58466   Median :0.000  
 Mean   :0.79726   Mean   :0.293  
 3rd Qu.:1.23599   3rd Qu.:1.000  
 Max.   :2.03589   Max.   :1.000  
[1] 0.293
  coverage_NDE     NDE_len        coverage_NIE      NIE_len       
 Min.   :0.00   Min.   :0.2594   Min.   :0.000   Min.   :0.09243  
 1st Qu.:0.00   1st Qu.:0.6303   1st Qu.:0.000   1st Qu.:0.55383  
 Median :1.00   Median :0.7343   Median :1.000   Median :0.66973  
 Mean   :0.69   Mean   :0.7172   Mean   :0.674   Mean   :0.65162  
 3rd Qu.:1.00   3rd Qu.:0.8471   3rd Qu.:1.000   3rd Qu.:0.80580  
 Max.   :1.00   Max.   :1.2082   Max.   :1.000   Max.   :1.19809  
    NIE_err            NDE_err           num_noise      num_missed   
 Min.   :-0.58360   Min.   :-0.55645   Min.   :0.00   Min.   :0.000  
 1st Qu.:-0.28414   1st Qu.:-0.04965   1st Qu.:1.00   1st Qu.:0.000  
 Median :-0.12339   Median : 0.12475   Median :1.00   Median :0.000  
 Mean   :-0.12276   Mean   : 0.12022   Mean   :1.63   Mean   :0.635  
 3rd Qu.: 0.05276   3rd Qu.: 0.28914   3rd Qu.:2.00   3rd Qu.:1.000  
 Max.   : 0.51009   Max.   : 0.71752   Max.   :6.00   Max.   :2.000  
   picked_lam         is_missed    
 Min.   :0.001684   Min.   :0.000  
 1st Qu.:0.276560   1st Qu.:0.000  
 Median :0.601094   Median :0.000  
 Mean   :0.833274   Mean   :0.489  
 3rd Qu.:1.279665   3rd Qu.:1.000  
 Max.   :2.035893   Max.   :1.000  
[1] 0.489
  coverage_NDE      NDE_len        coverage_NIE      NIE_len       
 Min.   :0.000   Min.   :0.2699   Min.   :0.000   Min.   :0.09214  
 1st Qu.:1.000   1st Qu.:0.7302   1st Qu.:1.000   1st Qu.:0.65337  
 Median :1.000   Median :0.8299   Median :1.000   Median :0.77363  
 Mean   :0.853   Mean   :0.8131   Mean   :0.836   Mean   :0.74845  
 3rd Qu.:1.000   3rd Qu.:0.9307   3rd Qu.:1.000   3rd Qu.:0.87752  
 Max.   :1.000   Max.   :1.2601   Max.   :1.000   Max.   :1.25474  
    NIE_err            NDE_err           num_noise      num_missed   
 Min.   :-0.58360   Min.   :-0.55645   Min.   :0.00   Min.   :0.000  
 1st Qu.:-0.28414   1st Qu.:-0.04965   1st Qu.:1.00   1st Qu.:0.000  
 Median :-0.12339   Median : 0.12475   Median :1.00   Median :0.000  
 Mean   :-0.12276   Mean   : 0.12022   Mean   :1.63   Mean   :0.635  
 3rd Qu.: 0.05276   3rd Qu.: 0.28914   3rd Qu.:2.00   3rd Qu.:1.000  
 Max.   : 0.51009   Max.   : 0.71752   Max.   :6.00   Max.   :2.000  
   picked_lam         is_missed    
 Min.   :0.001684   Min.   :0.000  
 1st Qu.:0.276560   1st Qu.:0.000  
 Median :0.601094   Median :0.000  
 Mean   :0.833274   Mean   :0.489  
 3rd Qu.:1.279665   3rd Qu.:1.000  
 Max.   :2.035893   Max.   :1.000  
[1] 0.489
