running
  '/software/r/3.6.1/b1/lib64/R/bin/R --slave --no-restore --file=./R/var-selection-sim-cv.R --args 4000 1000 lll large cvgam F boot-mgcv-oracle'

Warning message:
NAs introduced by coercion 
[1] "4000-1000-lll-large-cvgam-F-boot-mgcv-oracle"

Attaching package: ‘dplyr’

The following objects are masked from ‘package:stats’:

    filter, lag

The following objects are masked from ‘package:base’:

    intersect, setdiff, setequal, union

Loading required package: nnls
Super Learner
Version: 2.0-26
Package created on 2019-10-27

Loading required package: Matrix
Loaded glmnet 4.1
Loading required package: nlme

Attaching package: ‘nlme’

The following object is masked from ‘package:dplyr’:

    collapse

This is mgcv 1.8-33. For overview type 'help("mgcv-package")'.
Loading required package: Formula
Loading required package: plotmo
Loading required package: plotrix
Loading required package: TeachingDemos
randomForest 4.6-14
Type rfNews() to see new features/changes/bug fixes.

Attaching package: ‘randomForest’

The following object is masked from ‘package:dplyr’:

    combine

Loading required package: foreach

Attaching package: ‘foreach’

The following objects are masked from ‘package:purrr’:

    accumulate, when

Loading required package: iterators
[1] "Created data."
[1] "Estimated mu-hats with SuperLearner."
[1] "Finished lasso simulations: mixture."
[1] "Finished lasso simulations: product."
[1] "Finished lasso simulations: adaptive."
[1] "Finished inference technique: 1"
[1] "Finished lasso simulations: mixture."
[1] "Finished lasso simulations: product."
[1] "Finished lasso simulations: adaptive."
[1] "Finished inference technique: 2"
[1] "Finished oracle results."
[1] "Finished full results."
[1] "Scenario Complete!"
Time difference of 3.855064 hours
  coverage_NDE      NDE_len        coverage_NIE      NIE_len      
 Min.   :0.000   Min.   :0.4003   Min.   :0.000   Min.   :0.3480  
 1st Qu.:1.000   1st Qu.:0.4382   1st Qu.:1.000   1st Qu.:0.3825  
 Median :1.000   Median :0.4488   Median :1.000   Median :0.3912  
 Mean   :0.952   Mean   :0.4497   Mean   :0.952   Mean   :0.3915  
 3rd Qu.:1.000   3rd Qu.:0.4602   3rd Qu.:1.000   3rd Qu.:0.4010  
 Max.   :1.000   Max.   :0.5033   Max.   :1.000   Max.   :0.4353  
    NIE_err             NDE_err            num_noise       num_missed
 Min.   :-0.338356   Min.   :-0.371342   Min.   :0.000   Min.   :0   
 1st Qu.:-0.066534   1st Qu.:-0.077573   1st Qu.:0.000   1st Qu.:0   
 Median : 0.007706   Median :-0.003700   Median :1.000   Median :0   
 Mean   : 0.003781   Mean   :-0.004615   Mean   :1.146   Mean   :0   
 3rd Qu.: 0.069581   3rd Qu.: 0.074841   3rd Qu.:2.000   3rd Qu.:0   
 Max.   : 0.299934   Max.   : 0.395916   Max.   :7.000   Max.   :0   
   picked_lam         is_missed
 Min.   :0.003098   Min.   :0  
 1st Qu.:0.317683   1st Qu.:0  
 Median :0.750364   Median :0  
 Mean   :0.992729   Mean   :0  
 3rd Qu.:1.822175   3rd Qu.:0  
 Max.   :2.035893   Max.   :0  
[1] 0
  coverage_NDE      NDE_len        coverage_NIE      NIE_len      
 Min.   :0.000   Min.   :0.3945   Min.   :0.000   Min.   :0.3453  
 1st Qu.:1.000   1st Qu.:0.4374   1st Qu.:1.000   1st Qu.:0.3810  
 Median :1.000   Median :0.4482   Median :1.000   Median :0.3906  
 Mean   :0.943   Mean   :0.4486   Mean   :0.948   Mean   :0.3907  
 3rd Qu.:1.000   3rd Qu.:0.4595   3rd Qu.:1.000   3rd Qu.:0.4005  
 Max.   :1.000   Max.   :0.5040   Max.   :1.000   Max.   :0.4432  
    NIE_err             NDE_err            num_noise       num_missed
 Min.   :-0.338356   Min.   :-0.371342   Min.   :0.000   Min.   :0   
 1st Qu.:-0.066534   1st Qu.:-0.077573   1st Qu.:0.000   1st Qu.:0   
 Median : 0.007706   Median :-0.003700   Median :1.000   Median :0   
 Mean   : 0.003781   Mean   :-0.004615   Mean   :1.146   Mean   :0   
 3rd Qu.: 0.069581   3rd Qu.: 0.074841   3rd Qu.:2.000   3rd Qu.:0   
 Max.   : 0.299934   Max.   : 0.395916   Max.   :7.000   Max.   :0   
   picked_lam         is_missed
 Min.   :0.003098   Min.   :0  
 1st Qu.:0.317683   1st Qu.:0  
 Median :0.750364   Median :0  
 Mean   :0.992729   Mean   :0  
 3rd Qu.:1.822175   3rd Qu.:0  
 Max.   :2.035893   Max.   :0  
[1] 0
  coverage_NDE      NDE_len        coverage_NIE      NIE_len      
 Min.   :0.000   Min.   :0.3991   Min.   :0.000   Min.   :0.3489  
 1st Qu.:1.000   1st Qu.:0.4407   1st Qu.:1.000   1st Qu.:0.3842  
 Median :1.000   Median :0.4538   Median :1.000   Median :0.3951  
 Mean   :0.947   Mean   :0.4605   Mean   :0.938   Mean   :0.4030  
 3rd Qu.:1.000   3rd Qu.:0.4682   3rd Qu.:1.000   3rd Qu.:0.4078  
 Max.   :1.000   Max.   :0.8281   Max.   :1.000   Max.   :0.7821  
    NIE_err              NDE_err            num_noise       num_missed
 Min.   :-0.3497647   Min.   :-0.371334   Min.   :0.000   Min.   :0   
 1st Qu.:-0.0672701   1st Qu.:-0.074493   1st Qu.:0.000   1st Qu.:0   
 Median : 0.0024931   Median :-0.000980   Median :1.000   Median :0   
 Mean   : 0.0005585   Mean   :-0.001376   Mean   :1.103   Mean   :0   
 3rd Qu.: 0.0665493   3rd Qu.: 0.077189   3rd Qu.:2.000   3rd Qu.:0   
 Max.   : 0.3044157   Max.   : 0.392061   Max.   :6.000   Max.   :0   
   picked_lam         is_missed
 Min.   :0.008642   Min.   :0  
 1st Qu.:0.317683   1st Qu.:0  
 Median :0.635367   Median :0  
 Mean   :0.901352   Mean   :0  
 3rd Qu.:1.597445   3rd Qu.:0  
 Max.   :2.035893   Max.   :0  
[1] 0
  coverage_NDE      NDE_len        coverage_NIE      NIE_len      
 Min.   :0.000   Min.   :0.3935   Min.   :0.000   Min.   :0.3438  
 1st Qu.:1.000   1st Qu.:0.4407   1st Qu.:1.000   1st Qu.:0.3842  
 Median :1.000   Median :0.4522   Median :1.000   Median :0.3950  
 Mean   :0.941   Mean   :0.4637   Mean   :0.936   Mean   :0.4072  
 3rd Qu.:1.000   3rd Qu.:0.4665   3rd Qu.:1.000   3rd Qu.:0.4088  
 Max.   :1.000   Max.   :0.9188   Max.   :1.000   Max.   :0.8695  
    NIE_err              NDE_err            num_noise       num_missed
 Min.   :-0.3497647   Min.   :-0.371334   Min.   :0.000   Min.   :0   
 1st Qu.:-0.0672701   1st Qu.:-0.074493   1st Qu.:0.000   1st Qu.:0   
 Median : 0.0024931   Median :-0.000980   Median :1.000   Median :0   
 Mean   : 0.0005585   Mean   :-0.001376   Mean   :1.103   Mean   :0   
 3rd Qu.: 0.0665493   3rd Qu.: 0.077189   3rd Qu.:2.000   3rd Qu.:0   
 Max.   : 0.3044157   Max.   : 0.392061   Max.   :6.000   Max.   :0   
   picked_lam         is_missed
 Min.   :0.008642   Min.   :0  
 1st Qu.:0.317683   1st Qu.:0  
 Median :0.635367   Median :0  
 Mean   :0.901352   Mean   :0  
 3rd Qu.:1.597445   3rd Qu.:0  
 Max.   :2.035893   Max.   :0  
[1] 0
  coverage_NDE      NDE_len        coverage_NIE      NIE_len      
 Min.   :0.000   Min.   :0.4043   Min.   :0.000   Min.   :0.3503  
 1st Qu.:1.000   1st Qu.:0.4445   1st Qu.:1.000   1st Qu.:0.3881  
 Median :1.000   Median :0.4591   Median :1.000   Median :0.4013  
 Mean   :0.905   Mean   :0.4984   Mean   :0.905   Mean   :0.4433  
 3rd Qu.:1.000   3rd Qu.:0.4843   3rd Qu.:1.000   3rd Qu.:0.4253  
 Max.   :1.000   Max.   :1.7212   Max.   :1.000   Max.   :1.7256  
    NIE_err             NDE_err            num_noise       num_missed
 Min.   :-0.373021   Min.   :-0.371420   Min.   :0.000   Min.   :0   
 1st Qu.:-0.074621   1st Qu.:-0.068528   1st Qu.:0.000   1st Qu.:0   
 Median :-0.005699   Median : 0.005156   Median :1.000   Median :0   
 Mean   :-0.005454   Mean   : 0.004680   Mean   :1.133   Mean   :0   
 3rd Qu.: 0.063313   3rd Qu.: 0.082499   3rd Qu.:2.000   3rd Qu.:0   
 Max.   : 0.304164   Max.   : 0.398089   Max.   :6.000   Max.   :0   
   picked_lam         is_missed
 Min.   :0.008406   Min.   :0  
 1st Qu.:0.317683   1st Qu.:0  
 Median :0.601094   Median :0  
 Mean   :0.831414   Mean   :0  
 3rd Qu.:1.270734   3rd Qu.:0  
 Max.   :2.035893   Max.   :0  
[1] 0
  coverage_NDE      NDE_len        coverage_NIE      NIE_len      
 Min.   :0.000   Min.   :0.3934   Min.   :0.000   Min.   :0.3475  
 1st Qu.:1.000   1st Qu.:0.4463   1st Qu.:1.000   1st Qu.:0.3890  
 Median :1.000   Median :0.4626   Median :1.000   Median :0.4045  
 Mean   :0.913   Mean   :0.5136   Mean   :0.915   Mean   :0.4600  
 3rd Qu.:1.000   3rd Qu.:0.4926   3rd Qu.:1.000   3rd Qu.:0.4371  
 Max.   :1.000   Max.   :1.8792   Max.   :1.000   Max.   :1.8745  
    NIE_err             NDE_err            num_noise       num_missed
 Min.   :-0.373021   Min.   :-0.371420   Min.   :0.000   Min.   :0   
 1st Qu.:-0.074621   1st Qu.:-0.068528   1st Qu.:0.000   1st Qu.:0   
 Median :-0.005699   Median : 0.005156   Median :1.000   Median :0   
 Mean   :-0.005454   Mean   : 0.004680   Mean   :1.133   Mean   :0   
 3rd Qu.: 0.063313   3rd Qu.: 0.082499   3rd Qu.:2.000   3rd Qu.:0   
 Max.   : 0.304164   Max.   : 0.398089   Max.   :6.000   Max.   :0   
   picked_lam         is_missed
 Min.   :0.008406   Min.   :0  
 1st Qu.:0.317683   1st Qu.:0  
 Median :0.601094   Median :0  
 Mean   :0.831414   Mean   :0  
 3rd Qu.:1.270734   3rd Qu.:0  
 Max.   :2.035893   Max.   :0  
[1] 0
