running
  '/software/r/3.6.1/b1/lib64/R/bin/R --slave --no-restore --file=./R/var-selection-sim-cv.R --args 4000 1000 lnn small cvgam T boot-mgcv-oracle'

Warning message:
NAs introduced by coercion 
[1] "4000-1000-lnn-small-cvgam-T-boot-mgcv-oracle"
[1] TRUE

Attaching package: ‘dplyr’

The following objects are masked from ‘package:stats’:

    filter, lag

The following objects are masked from ‘package:base’:

    intersect, setdiff, setequal, union

Loading required package: nnls
Super Learner
Version: 2.0-26
Package created on 2019-10-27

Loading required package: Matrix
Loaded glmnet 4.1
Loading required package: nlme

Attaching package: ‘nlme’

The following object is masked from ‘package:dplyr’:

    collapse

This is mgcv 1.8-33. For overview type 'help("mgcv-package")'.
Loading required package: Formula
Loading required package: plotmo
Loading required package: plotrix
Loading required package: TeachingDemos
randomForest 4.6-14
Type rfNews() to see new features/changes/bug fixes.

Attaching package: ‘randomForest’

The following object is masked from ‘package:dplyr’:

    combine

Loading required package: foreach

Attaching package: ‘foreach’

The following objects are masked from ‘package:purrr’:

    accumulate, when

Loading required package: iterators
R version 3.6.1 (2019-07-05)
Platform: x86_64-pc-linux-gnu (64-bit)
Running under: Red Hat Enterprise Linux Server 7.9 (Maipo)

Matrix products: default
BLAS:   /gpfs/fs1/sfw2/r/3.6.1/b1/lib64/R/lib/libRblas.so
LAPACK: /gpfs/fs1/sfw2/r/3.6.1/b1/lib64/R/lib/libRlapack.so

locale:
 [1] LC_CTYPE=en_US.UTF-8       LC_NUMERIC=C              
 [3] LC_TIME=en_US.UTF-8        LC_COLLATE=en_US.UTF-8    
 [5] LC_MONETARY=en_US.UTF-8    LC_MESSAGES=en_US.UTF-8   
 [7] LC_PAPER=en_US.UTF-8       LC_NAME=C                 
 [9] LC_ADDRESS=C               LC_TELEPHONE=C            
[11] LC_MEASUREMENT=en_US.UTF-8 LC_IDENTIFICATION=C       

attached base packages:
[1] parallel  stats     graphics  grDevices datasets  utils     methods  
[8] base     

other attached packages:
 [1] doParallel_1.0.16   iterators_1.0.12    foreach_1.5.1      
 [4] randomForest_4.6-14 earth_5.3.0         plotmo_3.6.0       
 [7] TeachingDemos_2.10  plotrix_3.7-6       Formula_1.2-3      
[10] mgcv_1.8-33         nlme_3.1-140        glmnet_4.1         
[13] Matrix_1.2-17       SuperLearner_2.0-26 nnls_1.4           
[16] purrr_0.3.4         dplyr_1.0.4        

loaded via a namespace (and not attached):
 [1] magrittr_1.5      splines_3.6.1     tidyselect_1.1.0  lattice_0.20-38  
 [5] R6_2.4.0          rlang_0.4.10      tools_3.6.1       grid_3.6.1       
 [9] ellipsis_0.3.0    survival_2.44-1.1 tibble_3.0.6      lifecycle_0.2.0  
[13] crayon_1.3.4      vctrs_0.3.6       codetools_0.2-16  shape_1.4.4      
[17] glue_1.4.2        compiler_3.6.1    pillar_1.4.7      generics_0.0.2   
[21] renv_0.12.5       pkgconfig_2.0.2  
[1] "Created data."
[1] "SL: Y"
[1] "SL: MD"
[1] "Estimated mu-hats with SuperLearner."
[1] "Finished lasso simulations: mixture."
[1] "Finished lasso simulations: product."
[1] "Finished lasso simulations: adaptive."
[1] "Finished inference technique: 1"
[1] "Finished lasso simulations: mixture."
[1] "Finished lasso simulations: product."
[1] "Finished lasso simulations: adaptive."
[1] "Finished inference technique: 2"
[1] "Finished oracle results."
[1] "Finished full results."
[1] "Scenario Complete!"
Time difference of 1.851983 days
  coverage_NDE      NDE_len        coverage_NIE     NIE_len      
 Min.   :0.000   Min.   :0.6037   Min.   :0.00   Min.   :0.5535  
 1st Qu.:1.000   1st Qu.:0.7240   1st Qu.:1.00   1st Qu.:0.6821  
 Median :1.000   Median :0.7448   Median :1.00   Median :0.7030  
 Mean   :0.923   Mean   :0.7448   Mean   :0.93   Mean   :0.7032  
 3rd Qu.:1.000   3rd Qu.:0.7671   3rd Qu.:1.00   3rd Qu.:0.7241  
 Max.   :1.000   Max.   :0.8967   Max.   :1.00   Max.   :0.8581  
    NIE_err            NDE_err           num_noise       num_missed   
 Min.   :-0.54665   Min.   :-0.66790   Min.   :0.000   Min.   :0.000  
 1st Qu.:-0.08578   1st Qu.:-0.17028   1st Qu.:0.000   1st Qu.:0.000  
 Median : 0.03844   Median :-0.03725   Median :0.000   Median :0.000  
 Mean   : 0.03761   Mean   :-0.03945   Mean   :1.087   Mean   :0.079  
 3rd Qu.: 0.16169   3rd Qu.: 0.08522   3rd Qu.:2.000   3rd Qu.:0.000  
 Max.   : 0.57148   Max.   : 0.59816   Max.   :7.000   Max.   :2.000  
   picked_lam        is_missed    
 Min.   :0.00108   Min.   :0.000  
 1st Qu.:0.31768   1st Qu.:0.000  
 Median :0.67159   Median :0.000  
 Mean   :0.90947   Mean   :0.077  
 3rd Qu.:1.54292   3rd Qu.:0.000  
 Max.   :2.03589   Max.   :1.000  
[1] 0.077
  coverage_NDE      NDE_len        coverage_NIE      NIE_len      
 Min.   :0.000   Min.   :0.6119   Min.   :0.000   Min.   :0.5467  
 1st Qu.:1.000   1st Qu.:0.7232   1st Qu.:1.000   1st Qu.:0.6810  
 Median :1.000   Median :0.7443   Median :1.000   Median :0.7025  
 Mean   :0.932   Mean   :0.7458   Mean   :0.933   Mean   :0.7040  
 3rd Qu.:1.000   3rd Qu.:0.7685   3rd Qu.:1.000   3rd Qu.:0.7264  
 Max.   :1.000   Max.   :0.8980   Max.   :1.000   Max.   :0.8559  
    NIE_err            NDE_err           num_noise       num_missed   
 Min.   :-0.54665   Min.   :-0.66790   Min.   :0.000   Min.   :0.000  
 1st Qu.:-0.08578   1st Qu.:-0.17028   1st Qu.:0.000   1st Qu.:0.000  
 Median : 0.03844   Median :-0.03725   Median :0.000   Median :0.000  
 Mean   : 0.03761   Mean   :-0.03945   Mean   :1.087   Mean   :0.079  
 3rd Qu.: 0.16169   3rd Qu.: 0.08522   3rd Qu.:2.000   3rd Qu.:0.000  
 Max.   : 0.57148   Max.   : 0.59816   Max.   :7.000   Max.   :2.000  
   picked_lam        is_missed    
 Min.   :0.00108   Min.   :0.000  
 1st Qu.:0.31768   1st Qu.:0.000  
 Median :0.67159   Median :0.000  
 Mean   :0.90947   Mean   :0.077  
 3rd Qu.:1.54292   3rd Qu.:0.000  
 Max.   :2.03589   Max.   :1.000  
[1] 0.077
  coverage_NDE     NDE_len        coverage_NIE      NIE_len      
 Min.   :0.00   Min.   :0.2666   Min.   :0.000   Min.   :0.1149  
 1st Qu.:1.00   1st Qu.:0.7099   1st Qu.:1.000   1st Qu.:0.6682  
 Median :1.00   Median :0.7524   Median :1.000   Median :0.7096  
 Mean   :0.84   Mean   :0.7351   Mean   :0.831   Mean   :0.6861  
 3rd Qu.:1.00   3rd Qu.:0.7946   3rd Qu.:1.000   3rd Qu.:0.7511  
 Max.   :1.00   Max.   :1.0393   Max.   :1.000   Max.   :1.0190  
    NIE_err             NDE_err            num_noise       num_missed  
 Min.   :-0.587855   Min.   :-0.670601   Min.   :0.000   Min.   :0.00  
 1st Qu.:-0.145463   1st Qu.:-0.148624   1st Qu.:0.000   1st Qu.:0.00  
 Median : 0.006533   Median :-0.006940   Median :1.000   Median :0.00  
 Mean   :-0.007270   Mean   : 0.005553   Mean   :1.116   Mean   :0.29  
 3rd Qu.: 0.143142   3rd Qu.: 0.153145   3rd Qu.:2.000   3rd Qu.:0.00  
 Max.   : 0.574254   Max.   : 0.635172   Max.   :6.000   Max.   :2.00  
   picked_lam         is_missed    
 Min.   :0.002161   Min.   :0.000  
 1st Qu.:0.317683   1st Qu.:0.000  
 Median :0.609543   Median :0.000  
 Mean   :0.797055   Mean   :0.244  
 3rd Qu.:1.202187   3rd Qu.:0.000  
 Max.   :2.035893   Max.   :1.000  
[1] 0.244
  coverage_NDE     NDE_len        coverage_NIE      NIE_len      
 Min.   :0.00   Min.   :0.3234   Min.   :0.000   Min.   :0.2336  
 1st Qu.:1.00   1st Qu.:0.7281   1st Qu.:1.000   1st Qu.:0.6808  
 Median :1.00   Median :0.7662   Median :1.000   Median :0.7249  
 Mean   :0.89   Mean   :0.7675   Mean   :0.894   Mean   :0.7201  
 3rd Qu.:1.00   3rd Qu.:0.8184   3rd Qu.:1.000   3rd Qu.:0.7778  
 Max.   :1.00   Max.   :1.1220   Max.   :1.000   Max.   :1.0628  
    NIE_err             NDE_err            num_noise       num_missed  
 Min.   :-0.587855   Min.   :-0.670601   Min.   :0.000   Min.   :0.00  
 1st Qu.:-0.145463   1st Qu.:-0.148624   1st Qu.:0.000   1st Qu.:0.00  
 Median : 0.006533   Median :-0.006940   Median :1.000   Median :0.00  
 Mean   :-0.007270   Mean   : 0.005553   Mean   :1.116   Mean   :0.29  
 3rd Qu.: 0.143142   3rd Qu.: 0.153145   3rd Qu.:2.000   3rd Qu.:0.00  
 Max.   : 0.574254   Max.   : 0.635172   Max.   :6.000   Max.   :2.00  
   picked_lam         is_missed    
 Min.   :0.002161   Min.   :0.000  
 1st Qu.:0.317683   1st Qu.:0.000  
 Median :0.609543   Median :0.000  
 Mean   :0.797055   Mean   :0.244  
 3rd Qu.:1.202187   3rd Qu.:0.000  
 Max.   :2.035893   Max.   :1.000  
[1] 0.244
  coverage_NDE      NDE_len        coverage_NIE      NIE_len       
 Min.   :0.000   Min.   :0.2575   Min.   :0.000   Min.   :0.08559  
 1st Qu.:0.000   1st Qu.:0.6535   1st Qu.:0.000   1st Qu.:0.58110  
 Median :1.000   Median :0.7569   Median :1.000   Median :0.69835  
 Mean   :0.746   Mean   :0.7460   Mean   :0.727   Mean   :0.68280  
 3rd Qu.:1.000   3rd Qu.:0.8753   3rd Qu.:1.000   3rd Qu.:0.82663  
 Max.   :1.000   Max.   :1.2436   Max.   :1.000   Max.   :1.21889  
    NIE_err            NDE_err           num_noise       num_missed   
 Min.   :-0.58422   Min.   :-0.65763   Min.   :0.000   Min.   :0.000  
 1st Qu.:-0.24345   1st Qu.:-0.09158   1st Qu.:1.000   1st Qu.:0.000  
 Median :-0.08259   Median : 0.07582   Median :2.000   Median :0.000  
 Mean   :-0.08541   Mean   : 0.08393   Mean   :1.704   Mean   :0.559  
 3rd Qu.: 0.09264   3rd Qu.: 0.25122   3rd Qu.:3.000   3rd Qu.:1.000  
 Max.   : 0.56162   Max.   : 0.70478   Max.   :7.000   Max.   :2.000  
   picked_lam         is_missed   
 Min.   :0.000497   Min.   :0.00  
 1st Qu.:0.292328   1st Qu.:0.00  
 Median :0.617993   Median :0.00  
 Mean   :0.826839   Mean   :0.44  
 3rd Qu.:1.235985   3rd Qu.:1.00  
 Max.   :2.035893   Max.   :1.00  
[1] 0.44
  coverage_NDE      NDE_len        coverage_NIE      NIE_len       
 Min.   :0.000   Min.   :0.2745   Min.   :0.000   Min.   :0.09873  
 1st Qu.:1.000   1st Qu.:0.7517   1st Qu.:1.000   1st Qu.:0.68210  
 Median :1.000   Median :0.8484   Median :1.000   Median :0.79520  
 Mean   :0.876   Mean   :0.8385   Mean   :0.875   Mean   :0.77634  
 3rd Qu.:1.000   3rd Qu.:0.9525   3rd Qu.:1.000   3rd Qu.:0.90544  
 Max.   :1.000   Max.   :1.3534   Max.   :1.000   Max.   :1.38809  
    NIE_err            NDE_err           num_noise       num_missed   
 Min.   :-0.58422   Min.   :-0.65763   Min.   :0.000   Min.   :0.000  
 1st Qu.:-0.24345   1st Qu.:-0.09158   1st Qu.:1.000   1st Qu.:0.000  
 Median :-0.08259   Median : 0.07582   Median :2.000   Median :0.000  
 Mean   :-0.08541   Mean   : 0.08393   Mean   :1.704   Mean   :0.559  
 3rd Qu.: 0.09264   3rd Qu.: 0.25122   3rd Qu.:3.000   3rd Qu.:1.000  
 Max.   : 0.56162   Max.   : 0.70478   Max.   :7.000   Max.   :2.000  
   picked_lam         is_missed   
 Min.   :0.000497   Min.   :0.00  
 1st Qu.:0.292328   1st Qu.:0.00  
 Median :0.617993   Median :0.00  
 Mean   :0.826839   Mean   :0.44  
 3rd Qu.:1.235985   3rd Qu.:1.00  
 Max.   :2.035893   Max.   :1.00  
[1] 0.44
