running
  '/software/r/3.6.1/b1/lib64/R/bin/R --slave --no-restore --file=./R/var-selection-sim-cv.R --args 4000 1000 nnn small cvgam T boot-mgcv-oracle'

Warning message:
NAs introduced by coercion 
[1] "4000-1000-nnn-small-cvgam-T-boot-mgcv-oracle"

Attaching package: ‘dplyr’

The following objects are masked from ‘package:stats’:

    filter, lag

The following objects are masked from ‘package:base’:

    intersect, setdiff, setequal, union

Loading required package: nnls
Super Learner
Version: 2.0-26
Package created on 2019-10-27

Loading required package: Matrix
Loaded glmnet 4.1
Loading required package: nlme

Attaching package: ‘nlme’

The following object is masked from ‘package:dplyr’:

    collapse

This is mgcv 1.8-33. For overview type 'help("mgcv-package")'.
Loading required package: Formula
Loading required package: plotmo
Loading required package: plotrix
Loading required package: TeachingDemos
randomForest 4.6-14
Type rfNews() to see new features/changes/bug fixes.

Attaching package: ‘randomForest’

The following object is masked from ‘package:dplyr’:

    combine

Loading required package: foreach

Attaching package: ‘foreach’

The following objects are masked from ‘package:purrr’:

    accumulate, when

Loading required package: iterators
R version 3.6.1 (2019-07-05)
Platform: x86_64-pc-linux-gnu (64-bit)
Running under: Red Hat Enterprise Linux Server 7.9 (Maipo)

Matrix products: default
BLAS:   /gpfs/fs1/sfw2/r/3.6.1/b1/lib64/R/lib/libRblas.so
LAPACK: /gpfs/fs1/sfw2/r/3.6.1/b1/lib64/R/lib/libRlapack.so

locale:
 [1] LC_CTYPE=en_US.UTF-8       LC_NUMERIC=C              
 [3] LC_TIME=en_US.UTF-8        LC_COLLATE=en_US.UTF-8    
 [5] LC_MONETARY=en_US.UTF-8    LC_MESSAGES=en_US.UTF-8   
 [7] LC_PAPER=en_US.UTF-8       LC_NAME=C                 
 [9] LC_ADDRESS=C               LC_TELEPHONE=C            
[11] LC_MEASUREMENT=en_US.UTF-8 LC_IDENTIFICATION=C       

attached base packages:
[1] parallel  stats     graphics  grDevices datasets  utils     methods  
[8] base     

other attached packages:
 [1] doParallel_1.0.16   iterators_1.0.12    foreach_1.5.1      
 [4] randomForest_4.6-14 earth_5.3.0         plotmo_3.6.0       
 [7] TeachingDemos_2.10  plotrix_3.7-6       Formula_1.2-3      
[10] mgcv_1.8-33         nlme_3.1-140        glmnet_4.1         
[13] Matrix_1.2-17       SuperLearner_2.0-26 nnls_1.4           
[16] purrr_0.3.4         dplyr_1.0.4        

loaded via a namespace (and not attached):
 [1] magrittr_1.5      splines_3.6.1     tidyselect_1.1.0  lattice_0.20-38  
 [5] R6_2.4.0          rlang_0.4.10      tools_3.6.1       grid_3.6.1       
 [9] ellipsis_0.3.0    survival_2.44-1.1 tibble_3.0.6      lifecycle_0.2.0  
[13] crayon_1.3.4      vctrs_0.3.6       codetools_0.2-16  shape_1.4.4      
[17] glue_1.4.2        compiler_3.6.1    pillar_1.4.7      generics_0.0.2   
[21] renv_0.12.5       pkgconfig_2.0.2  
[1] "Created data."
[1] "SL: Y"
[1] "SL: MD"
[1] "Estimated mu-hats with SuperLearner."
[1] "Finished lasso simulations: mixture."
[1] "Finished lasso simulations: product."
[1] "Finished lasso simulations: adaptive."
[1] "Finished inference technique: 1"
[1] "Finished lasso simulations: mixture."
[1] "Finished lasso simulations: product."
[1] "Finished lasso simulations: adaptive."
[1] "Finished inference technique: 2"
[1] "Finished oracle results."
[1] "Finished full results."
[1] "Scenario Complete!"
Time difference of 1.866319 days
  coverage_NDE      NDE_len        coverage_NIE      NIE_len      
 Min.   :0.000   Min.   :0.5896   Min.   :0.000   Min.   :0.5617  
 1st Qu.:1.000   1st Qu.:0.7187   1st Qu.:1.000   1st Qu.:0.6780  
 Median :1.000   Median :0.7401   Median :1.000   Median :0.7006  
 Mean   :0.921   Mean   :0.7409   Mean   :0.922   Mean   :0.7003  
 3rd Qu.:1.000   3rd Qu.:0.7632   3rd Qu.:1.000   3rd Qu.:0.7225  
 Max.   :1.000   Max.   :0.8857   Max.   :1.000   Max.   :0.8605  
    NIE_err            NDE_err           num_noise       num_missed   
 Min.   :-0.49746   Min.   :-0.64773   Min.   :0.000   Min.   :0.000  
 1st Qu.:-0.07403   1st Qu.:-0.17943   1st Qu.:0.000   1st Qu.:0.000  
 Median : 0.05167   Median :-0.05320   Median :1.000   Median :0.000  
 Mean   : 0.04798   Mean   :-0.05011   Mean   :1.103   Mean   :0.065  
 3rd Qu.: 0.17267   3rd Qu.: 0.08490   3rd Qu.:2.000   3rd Qu.:0.000  
 Max.   : 0.56395   Max.   : 0.60575   Max.   :7.000   Max.   :2.000  
   picked_lam         is_missed    
 Min.   :0.000497   Min.   :0.000  
 1st Qu.:0.300547   1st Qu.:0.000  
 Median :0.729845   Median :0.000  
 Mean   :0.944647   Mean   :0.063  
 3rd Qu.:1.676743   3rd Qu.:0.000  
 Max.   :2.035893   Max.   :1.000  
[1] 0.063
  coverage_NDE      NDE_len        coverage_NIE     NIE_len      
 Min.   :0.000   Min.   :0.5984   Min.   :0.00   Min.   :0.5514  
 1st Qu.:1.000   1st Qu.:0.7186   1st Qu.:1.00   1st Qu.:0.6789  
 Median :1.000   Median :0.7423   Median :1.00   Median :0.7005  
 Mean   :0.935   Mean   :0.7429   Mean   :0.93   Mean   :0.7014  
 3rd Qu.:1.000   3rd Qu.:0.7654   3rd Qu.:1.00   3rd Qu.:0.7239  
 Max.   :1.000   Max.   :0.8680   Max.   :1.00   Max.   :0.8651  
    NIE_err            NDE_err           num_noise       num_missed   
 Min.   :-0.49746   Min.   :-0.64773   Min.   :0.000   Min.   :0.000  
 1st Qu.:-0.07403   1st Qu.:-0.17943   1st Qu.:0.000   1st Qu.:0.000  
 Median : 0.05167   Median :-0.05320   Median :1.000   Median :0.000  
 Mean   : 0.04798   Mean   :-0.05011   Mean   :1.103   Mean   :0.065  
 3rd Qu.: 0.17267   3rd Qu.: 0.08490   3rd Qu.:2.000   3rd Qu.:0.000  
 Max.   : 0.56395   Max.   : 0.60575   Max.   :7.000   Max.   :2.000  
   picked_lam         is_missed    
 Min.   :0.000497   Min.   :0.000  
 1st Qu.:0.300547   1st Qu.:0.000  
 Median :0.729845   Median :0.000  
 Mean   :0.944647   Mean   :0.063  
 3rd Qu.:1.676743   3rd Qu.:0.000  
 Max.   :2.035893   Max.   :1.000  
[1] 0.063
  coverage_NDE      NDE_len        coverage_NIE      NIE_len      
 Min.   :0.000   Min.   :0.2771   Min.   :0.000   Min.   :0.1048  
 1st Qu.:1.000   1st Qu.:0.7046   1st Qu.:1.000   1st Qu.:0.6631  
 Median :1.000   Median :0.7476   Median :1.000   Median :0.7082  
 Mean   :0.821   Mean   :0.7332   Mean   :0.822   Mean   :0.6867  
 3rd Qu.:1.000   3rd Qu.:0.7905   3rd Qu.:1.000   3rd Qu.:0.7517  
 Max.   :1.000   Max.   :1.0912   Max.   :1.000   Max.   :1.0301  
    NIE_err             NDE_err            num_noise       num_missed   
 Min.   :-0.592512   Min.   :-0.651900   Min.   :0.000   Min.   :0.000  
 1st Qu.:-0.142516   1st Qu.:-0.153737   1st Qu.:0.000   1st Qu.:0.000  
 Median : 0.021500   Median :-0.019163   Median :1.000   Median :0.000  
 Mean   : 0.001498   Mean   :-0.003478   Mean   :1.112   Mean   :0.281  
 3rd Qu.: 0.147552   3rd Qu.: 0.129068   3rd Qu.:2.000   3rd Qu.:0.000  
 Max.   : 0.562493   Max.   : 0.710916   Max.   :6.000   Max.   :2.000  
   picked_lam         is_missed    
 Min.   :0.002284   Min.   :0.000  
 1st Qu.:0.292328   1st Qu.:0.000  
 Median :0.635367   Median :0.000  
 Mean   :0.830360   Mean   :0.238  
 3rd Qu.:1.270734   3rd Qu.:0.000  
 Max.   :2.035893   Max.   :1.000  
[1] 0.238
  coverage_NDE      NDE_len        coverage_NIE      NIE_len      
 Min.   :0.000   Min.   :0.2923   Min.   :0.000   Min.   :0.1545  
 1st Qu.:1.000   1st Qu.:0.7266   1st Qu.:1.000   1st Qu.:0.6811  
 Median :1.000   Median :0.7645   Median :1.000   Median :0.7205  
 Mean   :0.885   Mean   :0.7684   Mean   :0.879   Mean   :0.7223  
 3rd Qu.:1.000   3rd Qu.:0.8192   3rd Qu.:1.000   3rd Qu.:0.7783  
 Max.   :1.000   Max.   :1.1472   Max.   :1.000   Max.   :1.0729  
    NIE_err             NDE_err            num_noise       num_missed   
 Min.   :-0.592512   Min.   :-0.651900   Min.   :0.000   Min.   :0.000  
 1st Qu.:-0.142516   1st Qu.:-0.153737   1st Qu.:0.000   1st Qu.:0.000  
 Median : 0.021500   Median :-0.019163   Median :1.000   Median :0.000  
 Mean   : 0.001498   Mean   :-0.003478   Mean   :1.112   Mean   :0.281  
 3rd Qu.: 0.147552   3rd Qu.: 0.129068   3rd Qu.:2.000   3rd Qu.:0.000  
 Max.   : 0.562493   Max.   : 0.710916   Max.   :6.000   Max.   :2.000  
   picked_lam         is_missed    
 Min.   :0.002284   Min.   :0.000  
 1st Qu.:0.292328   1st Qu.:0.000  
 Median :0.635367   Median :0.000  
 Mean   :0.830360   Mean   :0.238  
 3rd Qu.:1.270734   3rd Qu.:0.000  
 Max.   :2.035893   Max.   :1.000  
[1] 0.238
  coverage_NDE      NDE_len        coverage_NIE      NIE_len       
 Min.   :0.000   Min.   :0.2577   Min.   :0.000   Min.   :0.09249  
 1st Qu.:0.000   1st Qu.:0.6622   1st Qu.:0.000   1st Qu.:0.58911  
 Median :1.000   Median :0.7609   Median :1.000   Median :0.71062  
 Mean   :0.749   Mean   :0.7529   Mean   :0.738   Mean   :0.69198  
 3rd Qu.:1.000   3rd Qu.:0.8815   3rd Qu.:1.000   3rd Qu.:0.84035  
 Max.   :1.000   Max.   :1.3879   Max.   :1.000   Max.   :1.33834  
    NIE_err            NDE_err           num_noise       num_missed  
 Min.   :-0.58658   Min.   :-0.63773   Min.   :0.000   Min.   :0.00  
 1st Qu.:-0.23190   1st Qu.:-0.10836   1st Qu.:1.000   1st Qu.:0.00  
 Median :-0.06617   Median : 0.06908   Median :1.000   Median :0.00  
 Mean   :-0.07399   Mean   : 0.07225   Mean   :1.687   Mean   :0.53  
 3rd Qu.: 0.09297   3rd Qu.: 0.24258   3rd Qu.:3.000   3rd Qu.:1.00  
 Max.   : 0.55455   Max.   : 0.70675   Max.   :7.000   Max.   :2.00  
   picked_lam         is_missed    
 Min.   :0.000497   Min.   :0.000  
 1st Qu.:0.300547   1st Qu.:0.000  
 Median :0.709887   Median :0.000  
 Mean   :0.870449   Mean   :0.426  
 3rd Qu.:1.343188   3rd Qu.:1.000  
 Max.   :2.035893   Max.   :1.000  
[1] 0.426
  coverage_NDE      NDE_len        coverage_NIE      NIE_len       
 Min.   :0.000   Min.   :0.2630   Min.   :0.000   Min.   :0.09378  
 1st Qu.:1.000   1st Qu.:0.7504   1st Qu.:1.000   1st Qu.:0.68421  
 Median :1.000   Median :0.8618   Median :1.000   Median :0.80823  
 Mean   :0.877   Mean   :0.8461   Mean   :0.874   Mean   :0.78605  
 3rd Qu.:1.000   3rd Qu.:0.9661   3rd Qu.:1.000   3rd Qu.:0.91559  
 Max.   :1.000   Max.   :1.4031   Max.   :1.000   Max.   :1.34513  
    NIE_err            NDE_err           num_noise       num_missed  
 Min.   :-0.58658   Min.   :-0.63773   Min.   :0.000   Min.   :0.00  
 1st Qu.:-0.23190   1st Qu.:-0.10836   1st Qu.:1.000   1st Qu.:0.00  
 Median :-0.06617   Median : 0.06908   Median :1.000   Median :0.00  
 Mean   :-0.07399   Mean   : 0.07225   Mean   :1.687   Mean   :0.53  
 3rd Qu.: 0.09297   3rd Qu.: 0.24258   3rd Qu.:3.000   3rd Qu.:1.00  
 Max.   : 0.55455   Max.   : 0.70675   Max.   :7.000   Max.   :2.00  
   picked_lam         is_missed    
 Min.   :0.000497   Min.   :0.000  
 1st Qu.:0.300547   1st Qu.:0.000  
 Median :0.709887   Median :0.000  
 Mean   :0.870449   Mean   :0.426  
 3rd Qu.:1.343188   3rd Qu.:1.000  
 Max.   :2.035893   Max.   :1.000  
[1] 0.426
