running
  '/software/r/3.6.1/b1/lib64/R/bin/R --slave --no-restore --file=./R/var-selection-sim-cv.R --args 500 1000 nnn small cvgam F boot-mgcv-oracle'

Warning message:
NAs introduced by coercion 
[1] "500-1000-nnn-small-cvgam-F-boot-mgcv-oracle"
[1] TRUE

Attaching package: ‘dplyr’

The following objects are masked from ‘package:stats’:

    filter, lag

The following objects are masked from ‘package:base’:

    intersect, setdiff, setequal, union

Loading required package: nnls
Super Learner
Version: 2.0-26
Package created on 2019-10-27

Loading required package: Matrix
Loaded glmnet 4.1
Loading required package: nlme

Attaching package: ‘nlme’

The following object is masked from ‘package:dplyr’:

    collapse

This is mgcv 1.8-33. For overview type 'help("mgcv-package")'.
Loading required package: Formula
Loading required package: plotmo
Loading required package: plotrix
Loading required package: TeachingDemos
randomForest 4.6-14
Type rfNews() to see new features/changes/bug fixes.

Attaching package: ‘randomForest’

The following object is masked from ‘package:dplyr’:

    combine

Loading required package: foreach

Attaching package: ‘foreach’

The following objects are masked from ‘package:purrr’:

    accumulate, when

Loading required package: iterators
[1] "Created data."
[1] "Estimated mu-hats with SuperLearner."
[1] "Finished lasso simulations: mixture."
[1] "Finished lasso simulations: product."
[1] "Finished lasso simulations: adaptive."
[1] "Finished inference technique: 1"
[1] "Finished lasso simulations: mixture."
[1] "Finished lasso simulations: product."
[1] "Finished lasso simulations: adaptive."
[1] "Finished inference technique: 2"
[1] "Finished oracle results."
[1] "Finished full results."
[1] "Scenario Complete!"
Time difference of 59.56098 mins
  coverage_NDE      NDE_len       coverage_NIE      NIE_len     
 Min.   :0.000   Min.   :1.271   Min.   :0.000   Min.   :1.207  
 1st Qu.:1.000   1st Qu.:1.976   1st Qu.:1.000   1st Qu.:1.883  
 Median :1.000   Median :2.112   Median :1.000   Median :2.024  
 Mean   :0.866   Mean   :2.106   Mean   :0.858   Mean   :2.012  
 3rd Qu.:1.000   3rd Qu.:2.243   3rd Qu.:1.000   3rd Qu.:2.150  
 Max.   :1.000   Max.   :3.040   Max.   :1.000   Max.   :2.981  
    NIE_err            NDE_err           num_noise   num_missed  
 Min.   :-1.67454   Min.   :-1.78324   Min.   :0   Min.   :0.00  
 1st Qu.:-0.47362   1st Qu.:-0.33286   1st Qu.:0   1st Qu.:0.00  
 Median :-0.05132   Median : 0.05192   Median :0   Median :0.00  
 Mean   :-0.10056   Mean   : 0.09046   Mean   :1   Mean   :0.24  
 3rd Qu.: 0.30695   3rd Qu.: 0.50354   3rd Qu.:2   3rd Qu.:0.00  
 Max.   : 1.50315   Max.   : 1.81693   Max.   :7   Max.   :2.00  
   picked_lam         is_missed    
 Min.   :0.002364   Min.   :0.000  
 1st Qu.:1.113932   1st Qu.:0.000  
 Median :2.631092   Median :0.000  
 Mean   :3.915680   Mean   :0.205  
 3rd Qu.:6.389317   3rd Qu.:0.000  
 Max.   :9.684394   Max.   :1.000  
[1] 0.205
  coverage_NDE      NDE_len       coverage_NIE      NIE_len     
 Min.   :0.000   Min.   :1.200   Min.   :0.000   Min.   :1.033  
 1st Qu.:1.000   1st Qu.:2.003   1st Qu.:1.000   1st Qu.:1.909  
 Median :1.000   Median :2.117   Median :1.000   Median :2.025  
 Mean   :0.912   Mean   :2.135   Mean   :0.901   Mean   :2.035  
 3rd Qu.:1.000   3rd Qu.:2.254   3rd Qu.:1.000   3rd Qu.:2.150  
 Max.   :1.000   Max.   :3.084   Max.   :1.000   Max.   :3.021  
    NIE_err            NDE_err           num_noise   num_missed  
 Min.   :-1.67454   Min.   :-1.78324   Min.   :0   Min.   :0.00  
 1st Qu.:-0.47362   1st Qu.:-0.33286   1st Qu.:0   1st Qu.:0.00  
 Median :-0.05132   Median : 0.05192   Median :0   Median :0.00  
 Mean   :-0.10056   Mean   : 0.09046   Mean   :1   Mean   :0.24  
 3rd Qu.: 0.30695   3rd Qu.: 0.50354   3rd Qu.:2   3rd Qu.:0.00  
 Max.   : 1.50315   Max.   : 1.81693   Max.   :7   Max.   :2.00  
   picked_lam         is_missed    
 Min.   :0.002364   Min.   :0.000  
 1st Qu.:1.113932   1st Qu.:0.000  
 Median :2.631092   Median :0.000  
 Mean   :3.915680   Mean   :0.205  
 3rd Qu.:6.389317   3rd Qu.:0.000  
 Max.   :9.684394   Max.   :1.000  
[1] 0.205
  coverage_NDE      NDE_len        coverage_NIE      NIE_len      
 Min.   :0.000   Min.   :0.8146   Min.   :0.000   Min.   :0.5212  
 1st Qu.:1.000   1st Qu.:1.9560   1st Qu.:1.000   1st Qu.:1.8447  
 Median :1.000   Median :2.1248   Median :1.000   Median :2.0318  
 Mean   :0.811   Mean   :2.0826   Mean   :0.802   Mean   :1.9771  
 3rd Qu.:1.000   3rd Qu.:2.2896   3rd Qu.:1.000   3rd Qu.:2.1978  
 Max.   :1.000   Max.   :3.2695   Max.   :1.000   Max.   :3.1977  
    NIE_err           NDE_err          num_noise       num_missed   
 Min.   :-1.6958   Min.   :-1.7939   Min.   :0.000   Min.   :0.000  
 1st Qu.:-0.5835   1st Qu.:-0.2920   1st Qu.:0.000   1st Qu.:0.000  
 Median :-0.1315   Median : 0.1234   Median :1.000   Median :0.000  
 Mean   :-0.1803   Mean   : 0.1703   Mean   :1.113   Mean   :0.391  
 3rd Qu.: 0.2598   3rd Qu.: 0.5950   3rd Qu.:2.000   3rd Qu.:1.000  
 Max.   : 1.5138   Max.   : 1.8800   Max.   :6.000   Max.   :2.000  
   picked_lam         is_missed    
 Min.   :0.006595   Min.   :0.000  
 1st Qu.:0.969735   1st Qu.:0.000  
 Median :2.354893   Median :0.000  
 Mean   :3.474970   Mean   :0.313  
 3rd Qu.:5.410124   3rd Qu.:1.000  
 Max.   :9.684394   Max.   :1.000  
[1] 0.313
  coverage_NDE      NDE_len        coverage_NIE      NIE_len      
 Min.   :0.000   Min.   :0.9896   Min.   :0.000   Min.   :0.7565  
 1st Qu.:1.000   1st Qu.:2.0146   1st Qu.:1.000   1st Qu.:1.9050  
 Median :1.000   Median :2.1718   Median :1.000   Median :2.0753  
 Mean   :0.871   Mean   :2.1786   Mean   :0.858   Mean   :2.0705  
 3rd Qu.:1.000   3rd Qu.:2.3502   3rd Qu.:1.000   3rd Qu.:2.2492  
 Max.   :1.000   Max.   :3.4735   Max.   :1.000   Max.   :3.4111  
    NIE_err           NDE_err          num_noise       num_missed   
 Min.   :-1.6958   Min.   :-1.7939   Min.   :0.000   Min.   :0.000  
 1st Qu.:-0.5835   1st Qu.:-0.2920   1st Qu.:0.000   1st Qu.:0.000  
 Median :-0.1315   Median : 0.1234   Median :1.000   Median :0.000  
 Mean   :-0.1803   Mean   : 0.1703   Mean   :1.113   Mean   :0.391  
 3rd Qu.: 0.2598   3rd Qu.: 0.5950   3rd Qu.:2.000   3rd Qu.:1.000  
 Max.   : 1.5138   Max.   : 1.8800   Max.   :6.000   Max.   :2.000  
   picked_lam         is_missed    
 Min.   :0.006595   Min.   :0.000  
 1st Qu.:0.969735   1st Qu.:0.000  
 Median :2.354893   Median :0.000  
 Mean   :3.474970   Mean   :0.313  
 3rd Qu.:5.410124   3rd Qu.:1.000  
 Max.   :9.684394   Max.   :1.000  
[1] 0.313
  coverage_NDE      NDE_len       coverage_NIE      NIE_len     
 Min.   :0.000   Min.   :0.753   Min.   :0.000   Min.   :0.407  
 1st Qu.:0.000   1st Qu.:1.754   1st Qu.:0.000   1st Qu.:1.622  
 Median :1.000   Median :2.089   Median :1.000   Median :1.964  
 Mean   :0.673   Mean   :2.051   Mean   :0.665   Mean   :1.914  
 3rd Qu.:1.000   3rd Qu.:2.392   3rd Qu.:1.000   3rd Qu.:2.279  
 Max.   :1.000   Max.   :4.072   Max.   :1.000   Max.   :3.945  
    NIE_err            NDE_err          num_noise      num_missed   
 Min.   :-1.73506   Min.   :-1.7428   Min.   :0.00   Min.   :0.000  
 1st Qu.:-0.87593   1st Qu.:-0.1090   1st Qu.:0.00   1st Qu.:0.000  
 Median :-0.41904   Median : 0.4054   Median :1.00   Median :1.000  
 Mean   :-0.41661   Mean   : 0.4068   Mean   :1.56   Mean   :0.704  
 3rd Qu.: 0.06729   3rd Qu.: 0.8801   3rd Qu.:3.00   3rd Qu.:1.000  
 Max.   : 1.46334   Max.   : 2.0289   Max.   :6.00   Max.   :2.000  
   picked_lam         is_missed    
 Min.   :0.005585   Min.   :0.000  
 1st Qu.:0.996997   1st Qu.:0.000  
 Median :2.559145   Median :1.000  
 Mean   :3.674518   Mean   :0.542  
 3rd Qu.:5.718599   3rd Qu.:1.000  
 Max.   :9.684394   Max.   :1.000  
[1] 0.542
  coverage_NDE      NDE_len        coverage_NIE      NIE_len      
 Min.   :0.000   Min.   :0.8535   Min.   :0.000   Min.   :0.5361  
 1st Qu.:1.000   1st Qu.:2.0062   1st Qu.:1.000   1st Qu.:1.8589  
 Median :1.000   Median :2.3297   Median :1.000   Median :2.2011  
 Mean   :0.831   Mean   :2.3048   Mean   :0.829   Mean   :2.1634  
 3rd Qu.:1.000   3rd Qu.:2.6597   3rd Qu.:1.000   3rd Qu.:2.5353  
 Max.   :1.000   Max.   :4.1324   Max.   :1.000   Max.   :4.0315  
    NIE_err            NDE_err          num_noise      num_missed   
 Min.   :-1.73506   Min.   :-1.7428   Min.   :0.00   Min.   :0.000  
 1st Qu.:-0.87593   1st Qu.:-0.1090   1st Qu.:0.00   1st Qu.:0.000  
 Median :-0.41904   Median : 0.4054   Median :1.00   Median :1.000  
 Mean   :-0.41661   Mean   : 0.4068   Mean   :1.56   Mean   :0.704  
 3rd Qu.: 0.06729   3rd Qu.: 0.8801   3rd Qu.:3.00   3rd Qu.:1.000  
 Max.   : 1.46334   Max.   : 2.0289   Max.   :6.00   Max.   :2.000  
   picked_lam         is_missed    
 Min.   :0.005585   Min.   :0.000  
 1st Qu.:0.996997   1st Qu.:0.000  
 Median :2.559145   Median :1.000  
 Mean   :3.674518   Mean   :0.542  
 3rd Qu.:5.718599   3rd Qu.:1.000  
 Max.   :9.684394   Max.   :1.000  
[1] 0.542
