running
  '/usr/lib64/R/bin/R --slave --no-restore --file=var-selection-sim-cv.R --args 500 1000 lll large cvgam T boot-mgcv-oracle'

Warning message:
NAs introduced by coercion 
[1] "500-1000-lll-large-cvgam-T-boot-mgcv-oracle"
[1] TRUE

Attaching package: ‘dplyr’

The following objects are masked from ‘package:stats’:

    filter, lag

The following objects are masked from ‘package:base’:

    intersect, setdiff, setequal, union

Loading required package: nnls
Super Learner
Version: 2.0-24
Package created on 2018-08-10

Loading required package: Matrix
Loading required package: foreach

Attaching package: ‘foreach’

The following objects are masked from ‘package:purrr’:

    accumulate, when

Loaded glmnet 2.0-16

Loading required package: nlme

Attaching package: ‘nlme’

The following object is masked from ‘package:dplyr’:

    collapse

This is mgcv 1.8-29. For overview type 'help("mgcv-package")'.
Loading required package: Formula
Loading required package: plotmo
Loading required package: plotrix
Loading required package: TeachingDemos
randomForest 4.6-14
Type rfNews() to see new features/changes/bug fixes.

Attaching package: ‘randomForest’

The following object is masked from ‘package:dplyr’:

    combine

Loading required package: iterators
[1] "Created data."
[1] "SL: Y"
[1] "SL: MD"
[1] "Estimated mu-hats with SuperLearner."
[1] "Finished lasso simulations: mixture."
[1] "Finished lasso simulations: product."
[1] "Finished lasso simulations: adaptive."
[1] "Finished inference technique: 1"
[1] "Finished lasso simulations: mixture."
[1] "Finished lasso simulations: product."
[1] "Finished lasso simulations: adaptive."
[1] "Finished inference technique: 2"
[1] "Finished oracle results."
[1] "Finished full results."
[1] "Scenario Complete!"
Time difference of 9.302986 hours
  coverage_NDE      NDE_len       coverage_NIE      NIE_len      
 Min.   :0.000   Min.   :1.022   Min.   :0.000   Min.   :0.8944  
 1st Qu.:1.000   1st Qu.:1.220   1st Qu.:1.000   1st Qu.:1.0796  
 Median :1.000   Median :1.289   Median :1.000   Median :1.1384  
 Mean   :0.938   Mean   :1.312   Mean   :0.916   Mean   :1.1615  
 3rd Qu.:1.000   3rd Qu.:1.371   3rd Qu.:1.000   3rd Qu.:1.2087  
 Max.   :1.000   Max.   :1.941   Max.   :1.000   Max.   :1.8588  
    NIE_err            NDE_err            num_noise       num_missed   
 Min.   :-0.98920   Min.   :-1.152190   Min.   :0.000   Min.   :0.000  
 1st Qu.:-0.21313   1st Qu.:-0.220584   1st Qu.:0.000   1st Qu.:0.000  
 Median :-0.01294   Median : 0.003522   Median :1.000   Median :0.000  
 Mean   :-0.02048   Mean   :-0.003269   Mean   :1.131   Mean   :0.002  
 3rd Qu.: 0.17846   3rd Qu.: 0.227989   3rd Qu.:2.000   3rd Qu.:0.000  
 Max.   : 0.90493   Max.   : 1.027863   Max.   :7.000   Max.   :1.000  
   picked_lam         is_missed    
 Min.   :0.002364   Min.   :0.000  
 1st Qu.:0.969735   1st Qu.:0.000  
 Median :2.290499   Median :0.000  
 Mean   :3.610967   Mean   :0.002  
 3rd Qu.:5.879371   3rd Qu.:0.000  
 Max.   :9.684394   Max.   :1.000  
[1] 0.002
  coverage_NDE      NDE_len       coverage_NIE      NIE_len      
 Min.   :0.000   Min.   :1.020   Min.   :0.000   Min.   :0.8775  
 1st Qu.:1.000   1st Qu.:1.216   1st Qu.:1.000   1st Qu.:1.0693  
 Median :1.000   Median :1.285   Median :1.000   Median :1.1344  
 Mean   :0.934   Mean   :1.320   Mean   :0.925   Mean   :1.1728  
 3rd Qu.:1.000   3rd Qu.:1.367   3rd Qu.:1.000   3rd Qu.:1.2130  
 Max.   :1.000   Max.   :2.110   Max.   :1.000   Max.   :2.0073  
    NIE_err            NDE_err            num_noise       num_missed   
 Min.   :-0.98920   Min.   :-1.152190   Min.   :0.000   Min.   :0.000  
 1st Qu.:-0.21313   1st Qu.:-0.220584   1st Qu.:0.000   1st Qu.:0.000  
 Median :-0.01294   Median : 0.003522   Median :1.000   Median :0.000  
 Mean   :-0.02048   Mean   :-0.003269   Mean   :1.131   Mean   :0.002  
 3rd Qu.: 0.17846   3rd Qu.: 0.227989   3rd Qu.:2.000   3rd Qu.:0.000  
 Max.   : 0.90493   Max.   : 1.027863   Max.   :7.000   Max.   :1.000  
   picked_lam         is_missed    
 Min.   :0.002364   Min.   :0.000  
 1st Qu.:0.969735   1st Qu.:0.000  
 Median :2.290499   Median :0.000  
 Mean   :3.610967   Mean   :0.002  
 3rd Qu.:5.879371   3rd Qu.:0.000  
 Max.   :9.684394   Max.   :1.000  
[1] 0.002
  coverage_NDE      NDE_len       coverage_NIE      NIE_len      
 Min.   :0.000   Min.   :1.042   Min.   :0.000   Min.   :0.8447  
 1st Qu.:1.000   1st Qu.:1.250   1st Qu.:1.000   1st Qu.:1.1010  
 Median :1.000   Median :1.336   Median :1.000   Median :1.1847  
 Mean   :0.891   Mean   :1.402   Mean   :0.874   Mean   :1.2565  
 3rd Qu.:1.000   3rd Qu.:1.468   3rd Qu.:1.000   3rd Qu.:1.3200  
 Max.   :1.000   Max.   :2.916   Max.   :1.000   Max.   :2.8077  
    NIE_err            NDE_err           num_noise       num_missed   
 Min.   :-0.88630   Min.   :-1.14101   Min.   :0.000   Min.   :0.000  
 1st Qu.:-0.23523   1st Qu.:-0.19841   1st Qu.:0.000   1st Qu.:0.000  
 Median :-0.02297   Median : 0.01555   Median :1.000   Median :0.000  
 Mean   :-0.03780   Mean   : 0.01412   Mean   :1.184   Mean   :0.003  
 3rd Qu.: 0.15927   3rd Qu.: 0.24319   3rd Qu.:2.000   3rd Qu.:0.000  
 Max.   : 0.91678   Max.   : 1.11057   Max.   :7.000   Max.   :1.000  
   picked_lam         is_missed    
 Min.   :0.002364   Min.   :0.000  
 1st Qu.:0.943217   1st Qu.:0.000  
 Median :2.227865   Median :0.000  
 Mean   :3.414391   Mean   :0.003  
 3rd Qu.:5.262184   3rd Qu.:0.000  
 Max.   :9.684394   Max.   :1.000  
[1] 0.003
  coverage_NDE      NDE_len       coverage_NIE      NIE_len      
 Min.   :0.000   Min.   :1.027   Min.   :0.000   Min.   :0.8953  
 1st Qu.:1.000   1st Qu.:1.247   1st Qu.:1.000   1st Qu.:1.1071  
 Median :1.000   Median :1.347   Median :1.000   Median :1.2000  
 Mean   :0.909   Mean   :1.440   Mean   :0.896   Mean   :1.2966  
 3rd Qu.:1.000   3rd Qu.:1.535   3rd Qu.:1.000   3rd Qu.:1.3847  
 Max.   :1.000   Max.   :3.076   Max.   :1.000   Max.   :2.9068  
    NIE_err            NDE_err           num_noise       num_missed   
 Min.   :-0.88630   Min.   :-1.14101   Min.   :0.000   Min.   :0.000  
 1st Qu.:-0.23523   1st Qu.:-0.19841   1st Qu.:0.000   1st Qu.:0.000  
 Median :-0.02297   Median : 0.01555   Median :1.000   Median :0.000  
 Mean   :-0.03780   Mean   : 0.01412   Mean   :1.184   Mean   :0.003  
 3rd Qu.: 0.15927   3rd Qu.: 0.24319   3rd Qu.:2.000   3rd Qu.:0.000  
 Max.   : 0.91678   Max.   : 1.11057   Max.   :7.000   Max.   :1.000  
   picked_lam         is_missed    
 Min.   :0.002364   Min.   :0.000  
 1st Qu.:0.943217   1st Qu.:0.000  
 Median :2.227865   Median :0.000  
 Mean   :3.414391   Mean   :0.003  
 3rd Qu.:5.262184   3rd Qu.:0.000  
 Max.   :9.684394   Max.   :1.000  
[1] 0.003
  coverage_NDE      NDE_len       coverage_NIE      NIE_len      
 Min.   :0.000   Min.   :1.071   Min.   :0.000   Min.   :0.9192  
 1st Qu.:1.000   1st Qu.:1.346   1st Qu.:1.000   1st Qu.:1.2045  
 Median :1.000   Median :1.556   Median :1.000   Median :1.4184  
 Mean   :0.863   Mean   :1.646   Mean   :0.843   Mean   :1.5125  
 3rd Qu.:1.000   3rd Qu.:1.896   3rd Qu.:1.000   3rd Qu.:1.7813  
 Max.   :1.000   Max.   :2.893   Max.   :1.000   Max.   :2.7017  
    NIE_err            NDE_err           num_noise       num_missed   
 Min.   :-1.22330   Min.   :-1.13498   Min.   :0.000   Min.   :0.000  
 1st Qu.:-0.27348   1st Qu.:-0.17412   1st Qu.:0.000   1st Qu.:0.000  
 Median :-0.05295   Median : 0.05136   Median :1.000   Median :0.000  
 Mean   :-0.06936   Mean   : 0.04578   Mean   :1.364   Mean   :0.007  
 3rd Qu.: 0.13401   3rd Qu.: 0.28024   3rd Qu.:2.000   3rd Qu.:0.000  
 Max.   : 0.91098   Max.   : 1.32445   Max.   :7.000   Max.   :1.000  
   picked_lam         is_missed    
 Min.   :0.002364   Min.   :0.000  
 1st Qu.:0.943217   1st Qu.:0.000  
 Median :2.387996   Median :0.000  
 Mean   :3.521964   Mean   :0.007  
 3rd Qu.:5.562224   3rd Qu.:0.000  
 Max.   :9.684394   Max.   :1.000  
[1] 0.007
  coverage_NDE      NDE_len       coverage_NIE      NIE_len      
 Min.   :0.000   Min.   :1.040   Min.   :0.000   Min.   :0.9198  
 1st Qu.:1.000   1st Qu.:1.390   1st Qu.:1.000   1st Qu.:1.2625  
 Median :1.000   Median :1.689   Median :1.000   Median :1.5735  
 Mean   :0.899   Mean   :1.760   Mean   :0.877   Mean   :1.6311  
 3rd Qu.:1.000   3rd Qu.:2.058   3rd Qu.:1.000   3rd Qu.:1.9460  
 Max.   :1.000   Max.   :2.981   Max.   :1.000   Max.   :2.8638  
    NIE_err            NDE_err           num_noise       num_missed   
 Min.   :-1.22330   Min.   :-1.13498   Min.   :0.000   Min.   :0.000  
 1st Qu.:-0.27348   1st Qu.:-0.17412   1st Qu.:0.000   1st Qu.:0.000  
 Median :-0.05295   Median : 0.05136   Median :1.000   Median :0.000  
 Mean   :-0.06936   Mean   : 0.04578   Mean   :1.364   Mean   :0.007  
 3rd Qu.: 0.13401   3rd Qu.: 0.28024   3rd Qu.:2.000   3rd Qu.:0.000  
 Max.   : 0.91098   Max.   : 1.32445   Max.   :7.000   Max.   :1.000  
   picked_lam         is_missed    
 Min.   :0.002364   Min.   :0.000  
 1st Qu.:0.943217   1st Qu.:0.000  
 Median :2.387996   Median :0.000  
 Mean   :3.521964   Mean   :0.007  
 3rd Qu.:5.562224   3rd Qu.:0.000  
 Max.   :9.684394   Max.   :1.000  
[1] 0.007
