running
  '/software/r/3.6.1/b1/lib64/R/bin/R --slave --no-restore --file=./R/var-selection-sim-cv.R --args 500 1000 lll small cvgam T boot-mgcv-oracle'

Warning message:
NAs introduced by coercion 
[1] "500-1000-lll-small-cvgam-T-boot-mgcv-oracle"
[1] TRUE

Attaching package: ‘dplyr’

The following objects are masked from ‘package:stats’:

    filter, lag

The following objects are masked from ‘package:base’:

    intersect, setdiff, setequal, union

Loading required package: nnls
Super Learner
Version: 2.0-26
Package created on 2019-10-27

Loading required package: Matrix
Loaded glmnet 4.1
Loading required package: nlme

Attaching package: ‘nlme’

The following object is masked from ‘package:dplyr’:

    collapse

This is mgcv 1.8-33. For overview type 'help("mgcv-package")'.
Loading required package: Formula
Loading required package: plotmo
Loading required package: plotrix
Loading required package: TeachingDemos
randomForest 4.6-14
Type rfNews() to see new features/changes/bug fixes.

Attaching package: ‘randomForest’

The following object is masked from ‘package:dplyr’:

    combine

Loading required package: foreach

Attaching package: ‘foreach’

The following objects are masked from ‘package:purrr’:

    accumulate, when

Loading required package: iterators
[1] "Created data."
[1] "SL: Y"
[1] "SL: MD"
[1] "Estimated mu-hats with SuperLearner."
[1] "Finished lasso simulations: mixture."
[1] "Finished lasso simulations: product."
[1] "Finished lasso simulations: adaptive."
[1] "Finished inference technique: 1"
[1] "Finished lasso simulations: mixture."
[1] "Finished lasso simulations: product."
[1] "Finished lasso simulations: adaptive."
[1] "Finished inference technique: 2"
[1] "Finished oracle results."
[1] "Finished full results."
[1] "Scenario Complete!"
Time difference of 5.594928 hours
  coverage_NDE      NDE_len       coverage_NIE      NIE_len     
 Min.   :0.000   Min.   :1.148   Min.   :0.000   Min.   :1.082  
 1st Qu.:1.000   1st Qu.:1.952   1st Qu.:1.000   1st Qu.:1.853  
 Median :1.000   Median :2.087   Median :1.000   Median :1.995  
 Mean   :0.869   Mean   :2.084   Mean   :0.873   Mean   :1.988  
 3rd Qu.:1.000   3rd Qu.:2.214   3rd Qu.:1.000   3rd Qu.:2.122  
 Max.   :1.000   Max.   :2.768   Max.   :1.000   Max.   :2.701  
    NIE_err            NDE_err           num_noise       num_missed  
 Min.   :-1.66382   Min.   :-1.61380   Min.   :0.000   Min.   :0.00  
 1st Qu.:-0.42734   1st Qu.:-0.38024   1st Qu.:0.000   1st Qu.:0.00  
 Median :-0.01977   Median :-0.02014   Median :0.000   Median :0.00  
 Mean   :-0.06046   Mean   : 0.03218   Mean   :1.002   Mean   :0.22  
 3rd Qu.: 0.34158   3rd Qu.: 0.42224   3rd Qu.:2.000   3rd Qu.:0.00  
 Max.   : 1.47180   Max.   : 1.81731   Max.   :7.000   Max.   :2.00  
   picked_lam         is_missed    
 Min.   :0.002364   Min.   :0.000  
 1st Qu.:1.113932   1st Qu.:0.000  
 Median :2.820206   Median :0.000  
 Mean   :4.038314   Mean   :0.198  
 3rd Qu.:6.943494   3rd Qu.:0.000  
 Max.   :9.684394   Max.   :1.000  
[1] 0.198
  coverage_NDE      NDE_len       coverage_NIE      NIE_len     
 Min.   :0.000   Min.   :1.439   Min.   :0.000   Min.   :1.233  
 1st Qu.:1.000   1st Qu.:1.969   1st Qu.:1.000   1st Qu.:1.877  
 Median :1.000   Median :2.103   Median :1.000   Median :2.004  
 Mean   :0.914   Mean   :2.115   Mean   :0.904   Mean   :2.016  
 3rd Qu.:1.000   3rd Qu.:2.233   3rd Qu.:1.000   3rd Qu.:2.141  
 Max.   :1.000   Max.   :3.143   Max.   :1.000   Max.   :3.048  
    NIE_err            NDE_err           num_noise       num_missed  
 Min.   :-1.66382   Min.   :-1.61380   Min.   :0.000   Min.   :0.00  
 1st Qu.:-0.42734   1st Qu.:-0.38024   1st Qu.:0.000   1st Qu.:0.00  
 Median :-0.01977   Median :-0.02014   Median :0.000   Median :0.00  
 Mean   :-0.06046   Mean   : 0.03218   Mean   :1.002   Mean   :0.22  
 3rd Qu.: 0.34158   3rd Qu.: 0.42224   3rd Qu.:2.000   3rd Qu.:0.00  
 Max.   : 1.47180   Max.   : 1.81731   Max.   :7.000   Max.   :2.00  
   picked_lam         is_missed    
 Min.   :0.002364   Min.   :0.000  
 1st Qu.:1.113932   1st Qu.:0.000  
 Median :2.820206   Median :0.000  
 Mean   :4.038314   Mean   :0.198  
 3rd Qu.:6.943494   3rd Qu.:0.000  
 Max.   :9.684394   Max.   :1.000  
[1] 0.198
  coverage_NDE      NDE_len        coverage_NIE      NIE_len      
 Min.   :0.000   Min.   :0.8149   Min.   :0.000   Min.   :0.5078  
 1st Qu.:1.000   1st Qu.:1.9383   1st Qu.:1.000   1st Qu.:1.8465  
 Median :1.000   Median :2.1059   Median :1.000   Median :2.0112  
 Mean   :0.818   Mean   :2.0774   Mean   :0.808   Mean   :1.9683  
 3rd Qu.:1.000   3rd Qu.:2.2833   3rd Qu.:1.000   3rd Qu.:2.1839  
 Max.   :1.000   Max.   :3.3042   Max.   :1.000   Max.   :3.0785  
    NIE_err            NDE_err          num_noise       num_missed   
 Min.   :-1.73048   Min.   :-1.6095   Min.   :0.000   Min.   :0.000  
 1st Qu.:-0.50081   1st Qu.:-0.3445   1st Qu.:0.000   1st Qu.:0.000  
 Median :-0.06394   Median : 0.0499   Median :1.000   Median :0.000  
 Mean   :-0.12961   Mean   : 0.1013   Mean   :1.175   Mean   :0.355  
 3rd Qu.: 0.30340   3rd Qu.: 0.5042   3rd Qu.:2.000   3rd Qu.:1.000  
 Max.   : 1.47208   Max.   : 1.7837   Max.   :7.000   Max.   :2.000  
   picked_lam         is_missed    
 Min.   :0.002364   Min.   :0.000  
 1st Qu.:0.943217   1st Qu.:0.000  
 Median :2.227865   Median :0.000  
 Mean   :3.368638   Mean   :0.291  
 3rd Qu.:5.118290   3rd Qu.:1.000  
 Max.   :9.684394   Max.   :1.000  
[1] 0.291
  coverage_NDE      NDE_len        coverage_NIE      NIE_len      
 Min.   :0.000   Min.   :0.8504   Min.   :0.000   Min.   :0.5378  
 1st Qu.:1.000   1st Qu.:1.9918   1st Qu.:1.000   1st Qu.:1.8853  
 Median :1.000   Median :2.1488   Median :1.000   Median :2.0485  
 Mean   :0.877   Mean   :2.1606   Mean   :0.865   Mean   :2.0550  
 3rd Qu.:1.000   3rd Qu.:2.3438   3rd Qu.:1.000   3rd Qu.:2.2476  
 Max.   :1.000   Max.   :3.4366   Max.   :1.000   Max.   :3.3193  
    NIE_err            NDE_err          num_noise       num_missed   
 Min.   :-1.73048   Min.   :-1.6095   Min.   :0.000   Min.   :0.000  
 1st Qu.:-0.50081   1st Qu.:-0.3445   1st Qu.:0.000   1st Qu.:0.000  
 Median :-0.06394   Median : 0.0499   Median :1.000   Median :0.000  
 Mean   :-0.12961   Mean   : 0.1013   Mean   :1.175   Mean   :0.355  
 3rd Qu.: 0.30340   3rd Qu.: 0.5042   3rd Qu.:2.000   3rd Qu.:1.000  
 Max.   : 1.47208   Max.   : 1.7837   Max.   :7.000   Max.   :2.000  
   picked_lam         is_missed    
 Min.   :0.002364   Min.   :0.000  
 1st Qu.:0.943217   1st Qu.:0.000  
 Median :2.227865   Median :0.000  
 Mean   :3.368638   Mean   :0.291  
 3rd Qu.:5.118290   3rd Qu.:1.000  
 Max.   :9.684394   Max.   :1.000  
[1] 0.291
  coverage_NDE      NDE_len        coverage_NIE    NIE_len      
 Min.   :0.000   Min.   :0.7186   Min.   :0.0   Min.   :0.4097  
 1st Qu.:0.000   1st Qu.:1.8147   1st Qu.:0.0   1st Qu.:1.6732  
 Median :1.000   Median :2.1016   Median :1.0   Median :1.9783  
 Mean   :0.711   Mean   :2.0761   Mean   :0.7   Mean   :1.9388  
 3rd Qu.:1.000   3rd Qu.:2.3948   3rd Qu.:1.0   3rd Qu.:2.2926  
 Max.   :1.000   Max.   :3.4448   Max.   :1.0   Max.   :3.3601  
    NIE_err           NDE_err          num_noise       num_missed   
 Min.   :-1.7310   Min.   :-1.5173   Min.   :0.000   Min.   :0.000  
 1st Qu.:-0.7863   1st Qu.:-0.1640   1st Qu.:1.000   1st Qu.:0.000  
 Median :-0.3317   Median : 0.2945   Median :1.500   Median :0.000  
 Mean   :-0.3455   Mean   : 0.3176   Mean   :1.696   Mean   :0.615  
 3rd Qu.: 0.1340   3rd Qu.: 0.7962   3rd Qu.:3.000   3rd Qu.:1.000  
 Max.   : 1.4478   Max.   : 1.8976   Max.   :7.000   Max.   :2.000  
   picked_lam         is_missed    
 Min.   :0.002364   Min.   :0.000  
 1st Qu.:0.892338   1st Qu.:0.000  
 Median :2.227865   Median :0.000  
 Mean   :3.473457   Mean   :0.488  
 3rd Qu.:5.562224   3rd Qu.:1.000  
 Max.   :9.684394   Max.   :1.000  
[1] 0.488
  coverage_NDE      NDE_len        coverage_NIE      NIE_len     
 Min.   :0.000   Min.   :0.8066   Min.   :0.000   Min.   :0.408  
 1st Qu.:1.000   1st Qu.:2.0433   1st Qu.:1.000   1st Qu.:1.903  
 Median :1.000   Median :2.3401   Median :1.000   Median :2.205  
 Mean   :0.845   Mean   :2.3141   Mean   :0.845   Mean   :2.175  
 3rd Qu.:1.000   3rd Qu.:2.6318   3rd Qu.:1.000   3rd Qu.:2.552  
 Max.   :1.000   Max.   :3.5875   Max.   :1.000   Max.   :3.440  
    NIE_err           NDE_err          num_noise       num_missed   
 Min.   :-1.7310   Min.   :-1.5173   Min.   :0.000   Min.   :0.000  
 1st Qu.:-0.7863   1st Qu.:-0.1640   1st Qu.:1.000   1st Qu.:0.000  
 Median :-0.3317   Median : 0.2945   Median :1.500   Median :0.000  
 Mean   :-0.3455   Mean   : 0.3176   Mean   :1.696   Mean   :0.615  
 3rd Qu.: 0.1340   3rd Qu.: 0.7962   3rd Qu.:3.000   3rd Qu.:1.000  
 Max.   : 1.4478   Max.   : 1.8976   Max.   :7.000   Max.   :2.000  
   picked_lam         is_missed    
 Min.   :0.002364   Min.   :0.000  
 1st Qu.:0.892338   1st Qu.:0.000  
 Median :2.227865   Median :0.000  
 Mean   :3.473457   Mean   :0.488  
 3rd Qu.:5.562224   3rd Qu.:1.000  
 Max.   :9.684394   Max.   :1.000  
[1] 0.488
