running
  '/software/r/3.6.1/b1/lib64/R/bin/R --slave --no-restore --file=./R/var-selection-sim-cv.R --args 500 1000 nnn large cvgam F boot-mgcv-oracle'

Warning message:
NAs introduced by coercion 
[1] "500-1000-nnn-large-cvgam-F-boot-mgcv-oracle"
[1] TRUE

Attaching package: ‘dplyr’

The following objects are masked from ‘package:stats’:

    filter, lag

The following objects are masked from ‘package:base’:

    intersect, setdiff, setequal, union

Loading required package: nnls
Super Learner
Version: 2.0-26
Package created on 2019-10-27

Loading required package: Matrix
Loaded glmnet 4.1
Loading required package: nlme

Attaching package: ‘nlme’

The following object is masked from ‘package:dplyr’:

    collapse

This is mgcv 1.8-33. For overview type 'help("mgcv-package")'.
Loading required package: Formula
Loading required package: plotmo
Loading required package: plotrix
Loading required package: TeachingDemos
randomForest 4.6-14
Type rfNews() to see new features/changes/bug fixes.

Attaching package: ‘randomForest’

The following object is masked from ‘package:dplyr’:

    combine

Loading required package: foreach

Attaching package: ‘foreach’

The following objects are masked from ‘package:purrr’:

    accumulate, when

Loading required package: iterators
[1] "Created data."
[1] "Estimated mu-hats with SuperLearner."
[1] "Finished lasso simulations: mixture."
[1] "Finished lasso simulations: product."
[1] "Finished lasso simulations: adaptive."
[1] "Finished inference technique: 1"
[1] "Finished lasso simulations: mixture."
[1] "Finished lasso simulations: product."
[1] "Finished lasso simulations: adaptive."
[1] "Finished inference technique: 2"
[1] "Finished oracle results."
[1] "Finished full results."
[1] "Scenario Complete!"
Time difference of 59.61347 mins
  coverage_NDE      NDE_len       coverage_NIE      NIE_len      
 Min.   :0.000   Min.   :1.023   Min.   :0.000   Min.   :0.8845  
 1st Qu.:1.000   1st Qu.:1.226   1st Qu.:1.000   1st Qu.:1.0793  
 Median :1.000   Median :1.294   Median :1.000   Median :1.1443  
 Mean   :0.932   Mean   :1.313   Mean   :0.929   Mean   :1.1663  
 3rd Qu.:1.000   3rd Qu.:1.366   3rd Qu.:1.000   3rd Qu.:1.2126  
 Max.   :1.000   Max.   :1.962   Max.   :1.000   Max.   :1.8207  
    NIE_err            NDE_err            num_noise       num_missed   
 Min.   :-0.94222   Min.   :-1.104154   Min.   :0.000   Min.   :0.000  
 1st Qu.:-0.19457   1st Qu.:-0.200376   1st Qu.:0.000   1st Qu.:0.000  
 Median :-0.01617   Median : 0.013095   Median :1.000   Median :0.000  
 Mean   :-0.01821   Mean   : 0.008368   Mean   :1.071   Mean   :0.001  
 3rd Qu.: 0.16820   3rd Qu.: 0.232759   3rd Qu.:2.000   3rd Qu.:0.000  
 Max.   : 0.80337   Max.   : 0.986114   Max.   :7.000   Max.   :1.000  
   picked_lam         is_missed    
 Min.   :0.002364   Min.   :0.000  
 1st Qu.:1.018020   1st Qu.:0.000  
 Median :2.166944   Median :0.000  
 Mean   :3.551551   Mean   :0.001  
 3rd Qu.:5.718599   3rd Qu.:0.000  
 Max.   :9.684394   Max.   :1.000  
[1] 0.001
  coverage_NDE     NDE_len       coverage_NIE      NIE_len      
 Min.   :0.00   Min.   :1.059   Min.   :0.000   Min.   :0.8972  
 1st Qu.:1.00   1st Qu.:1.223   1st Qu.:1.000   1st Qu.:1.0809  
 Median :1.00   Median :1.288   Median :1.000   Median :1.1431  
 Mean   :0.94   Mean   :1.320   Mean   :0.932   Mean   :1.1766  
 3rd Qu.:1.00   3rd Qu.:1.369   3rd Qu.:1.000   3rd Qu.:1.2200  
 Max.   :1.00   Max.   :2.062   Max.   :1.000   Max.   :1.9375  
    NIE_err            NDE_err            num_noise       num_missed   
 Min.   :-0.94222   Min.   :-1.104154   Min.   :0.000   Min.   :0.000  
 1st Qu.:-0.19457   1st Qu.:-0.200376   1st Qu.:0.000   1st Qu.:0.000  
 Median :-0.01617   Median : 0.013095   Median :1.000   Median :0.000  
 Mean   :-0.01821   Mean   : 0.008368   Mean   :1.071   Mean   :0.001  
 3rd Qu.: 0.16820   3rd Qu.: 0.232759   3rd Qu.:2.000   3rd Qu.:0.000  
 Max.   : 0.80337   Max.   : 0.986114   Max.   :7.000   Max.   :1.000  
   picked_lam         is_missed    
 Min.   :0.002364   Min.   :0.000  
 1st Qu.:1.018020   1st Qu.:0.000  
 Median :2.166944   Median :0.000  
 Mean   :3.551551   Mean   :0.001  
 3rd Qu.:5.718599   3rd Qu.:0.000  
 Max.   :9.684394   Max.   :1.000  
[1] 0.001
  coverage_NDE      NDE_len       coverage_NIE      NIE_len      
 Min.   :0.000   Min.   :0.993   Min.   :0.000   Min.   :0.8919  
 1st Qu.:1.000   1st Qu.:1.253   1st Qu.:1.000   1st Qu.:1.1081  
 Median :1.000   Median :1.337   Median :1.000   Median :1.1871  
 Mean   :0.907   Mean   :1.399   Mean   :0.888   Mean   :1.2570  
 3rd Qu.:1.000   3rd Qu.:1.460   3rd Qu.:1.000   3rd Qu.:1.3246  
 Max.   :1.000   Max.   :3.003   Max.   :1.000   Max.   :2.9492  
    NIE_err            NDE_err           num_noise       num_missed   
 Min.   :-0.95334   Min.   :-1.09552   Min.   :0.000   Min.   :0.000  
 1st Qu.:-0.21517   1st Qu.:-0.18163   1st Qu.:0.000   1st Qu.:0.000  
 Median :-0.02997   Median : 0.02286   Median :1.000   Median :0.000  
 Mean   :-0.03238   Mean   : 0.02260   Mean   :1.156   Mean   :0.002  
 3rd Qu.: 0.15699   3rd Qu.: 0.24861   3rd Qu.:2.000   3rd Qu.:0.000  
 Max.   : 0.80294   Max.   : 1.04757   Max.   :6.000   Max.   :1.000  
   picked_lam         is_missed    
 Min.   :0.004998   Min.   :0.000  
 1st Qu.:0.996997   1st Qu.:0.000  
 Median :2.354893   Median :0.000  
 Mean   :3.438816   Mean   :0.002  
 3rd Qu.:5.262184   3rd Qu.:0.000  
 Max.   :9.684394   Max.   :1.000  
[1] 0.002
  coverage_NDE      NDE_len       coverage_NIE      NIE_len      
 Min.   :0.000   Min.   :1.027   Min.   :0.000   Min.   :0.8816  
 1st Qu.:1.000   1st Qu.:1.256   1st Qu.:1.000   1st Qu.:1.1119  
 Median :1.000   Median :1.348   Median :1.000   Median :1.2005  
 Mean   :0.918   Mean   :1.437   Mean   :0.907   Mean   :1.3006  
 3rd Qu.:1.000   3rd Qu.:1.532   3rd Qu.:1.000   3rd Qu.:1.4117  
 Max.   :1.000   Max.   :3.201   Max.   :1.000   Max.   :3.0347  
    NIE_err            NDE_err           num_noise       num_missed   
 Min.   :-0.95334   Min.   :-1.09552   Min.   :0.000   Min.   :0.000  
 1st Qu.:-0.21517   1st Qu.:-0.18163   1st Qu.:0.000   1st Qu.:0.000  
 Median :-0.02997   Median : 0.02286   Median :1.000   Median :0.000  
 Mean   :-0.03238   Mean   : 0.02260   Mean   :1.156   Mean   :0.002  
 3rd Qu.: 0.15699   3rd Qu.: 0.24861   3rd Qu.:2.000   3rd Qu.:0.000  
 Max.   : 0.80294   Max.   : 1.04757   Max.   :6.000   Max.   :1.000  
   picked_lam         is_missed    
 Min.   :0.004998   Min.   :0.000  
 1st Qu.:0.996997   1st Qu.:0.000  
 Median :2.354893   Median :0.000  
 Mean   :3.438816   Mean   :0.002  
 3rd Qu.:5.262184   3rd Qu.:0.000  
 Max.   :9.684394   Max.   :1.000  
[1] 0.002
  coverage_NDE     NDE_len       coverage_NIE     NIE_len      
 Min.   :0.00   Min.   :1.071   Min.   :0.00   Min.   :0.8932  
 1st Qu.:1.00   1st Qu.:1.353   1st Qu.:1.00   1st Qu.:1.2055  
 Median :1.00   Median :1.566   Median :1.00   Median :1.4327  
 Mean   :0.87   Mean   :1.650   Mean   :0.85   Mean   :1.5208  
 3rd Qu.:1.00   3rd Qu.:1.917   3rd Qu.:1.00   3rd Qu.:1.7961  
 Max.   :1.00   Max.   :2.892   Max.   :1.00   Max.   :2.7673  
    NIE_err            NDE_err           num_noise       num_missed   
 Min.   :-1.15072   Min.   :-1.08431   Min.   :0.000   Min.   :0.000  
 1st Qu.:-0.25463   1st Qu.:-0.16586   1st Qu.:0.000   1st Qu.:0.000  
 Median :-0.05999   Median : 0.05542   Median :1.000   Median :0.000  
 Mean   :-0.06520   Mean   : 0.05553   Mean   :1.325   Mean   :0.007  
 3rd Qu.: 0.13365   3rd Qu.: 0.29104   3rd Qu.:2.000   3rd Qu.:0.000  
 Max.   : 0.80101   Max.   : 1.07145   Max.   :6.000   Max.   :1.000  
   picked_lam         is_missed    
 Min.   :0.004998   Min.   :0.000  
 1st Qu.:0.996997   1st Qu.:0.000  
 Median :2.489165   Median :0.000  
 Mean   :3.549960   Mean   :0.007  
 3rd Qu.:5.562224   3rd Qu.:0.000  
 Max.   :9.684394   Max.   :1.000  
[1] 0.007
  coverage_NDE     NDE_len       coverage_NIE      NIE_len      
 Min.   :0.00   Min.   :1.094   Min.   :0.000   Min.   :0.8915  
 1st Qu.:1.00   1st Qu.:1.396   1st Qu.:1.000   1st Qu.:1.2457  
 Median :1.00   Median :1.710   Median :1.000   Median :1.5882  
 Mean   :0.89   Mean   :1.767   Mean   :0.886   Mean   :1.6396  
 3rd Qu.:1.00   3rd Qu.:2.082   3rd Qu.:1.000   3rd Qu.:1.9529  
 Max.   :1.00   Max.   :3.156   Max.   :1.000   Max.   :3.0219  
    NIE_err            NDE_err           num_noise       num_missed   
 Min.   :-1.15072   Min.   :-1.08431   Min.   :0.000   Min.   :0.000  
 1st Qu.:-0.25463   1st Qu.:-0.16586   1st Qu.:0.000   1st Qu.:0.000  
 Median :-0.05999   Median : 0.05542   Median :1.000   Median :0.000  
 Mean   :-0.06520   Mean   : 0.05553   Mean   :1.325   Mean   :0.007  
 3rd Qu.: 0.13365   3rd Qu.: 0.29104   3rd Qu.:2.000   3rd Qu.:0.000  
 Max.   : 0.80101   Max.   : 1.07145   Max.   :6.000   Max.   :1.000  
   picked_lam         is_missed    
 Min.   :0.004998   Min.   :0.000  
 1st Qu.:0.996997   1st Qu.:0.000  
 Median :2.489165   Median :0.000  
 Mean   :3.549960   Mean   :0.007  
 3rd Qu.:5.562224   3rd Qu.:0.000  
 Max.   :9.684394   Max.   :1.000  
[1] 0.007
